The target system is: Generic -  - 
The host system is: Linux - 6.17.10-100.fc41.x86_64 - x86_64
Compiling the C compiler identification source file "CMakeCCompilerId.c" succeeded.
Compiler: /usr/lib/sdk/esp-idf/tools/tools/xtensa-esp-elf/esp-13.2.0_20230928/xtensa-esp-elf/bin/xtensa-esp32s3-elf-gcc 
Build flags: -mlongcalls;
Id flags:  

The output was:
0


Compilation of the C compiler identification source "CMakeCCompilerId.c" produced "a.out"

The C compiler identification is GNU, found in "/var/home/aluno/workspace/blink/build/CMakeFiles/3.24.0/CompilerIdC/a.out"

Compiling the CXX compiler identification source file "CMakeCXXCompilerId.cpp" succeeded.
Compiler: /usr/lib/sdk/esp-idf/tools/tools/xtensa-esp-elf/esp-13.2.0_20230928/xtensa-esp-elf/bin/xtensa-esp32s3-elf-g++ 
Build flags: -mlongcalls;
Id flags:  

The output was:
0


Compilation of the CXX compiler identification source "CMakeCXXCompilerId.cpp" produced "a.out"

The CXX compiler identification is GNU, found in "/var/home/aluno/workspace/blink/build/CMakeFiles/3.24.0/CompilerIdCXX/a.out"

Checking whether the ASM compiler is GNU using "--version" matched "(GNU assembler)|(GCC)|(Free Software Foundation)":
xtensa-esp-elf-gcc (crosstool-NG esp-13.2.0_20230928) 13.2.0
Copyright (C) 2023 Free Software Foundation, Inc.
This is free software; see the source for copying conditions.  There is NO
warranty; not even for MERCHANTABILITY or FITNESS FOR A PARTICULAR PURPOSE.

Detecting C compiler ABI info compiled with the following output:
Change Dir: /var/home/aluno/workspace/blink/build/CMakeFiles/CMakeTmp

Run Build Command(s):/usr/lib/sdk/esp-idf/tools/tools/ninja/1.11.1/ninja cmTC_467b7 && [1/2] Building C object CMakeFiles/cmTC_467b7.dir/CMakeCCompilerABI.c.obj
Using built-in specs.
COLLECT_GCC=/usr/lib/sdk/esp-idf/tools/tools/xtensa-esp-elf/esp-13.2.0_20230928/xtensa-esp-elf/bin/xtensa-esp-elf-gcc
Target: xtensa-esp-elf
Configured with: /builds/idf/crosstool-NG/.build/xtensa-esp-elf/src/gcc/configure --build=x86_64-build_pc-linux-gnu --host=x86_64-build_pc-linux-gnu --target=xtensa-esp-elf --prefix=/builds/idf/crosstool-NG/builds/xtensa-esp-elf --exec_prefix=/builds/idf/crosstool-NG/builds/xtensa-esp-elf --with-local-prefix=/builds/idf/crosstool-NG/builds/xtensa-esp-elf/xtensa-esp-elf --with-headers=/builds/idf/crosstool-NG/builds/xtensa-esp-elf/xtensa-esp-elf/include --with-newlib --enable-threads=no --disable-shared --with-pkgversion='crosstool-NG esp-13.2.0_20230928' --disable-__cxa_atexit --enable-cxx-flags=-ffunction-sections --disable-libgomp --disable-libmudflap --disable-libmpx --disable-libssp --disable-libquadmath --disable-libquadmath-support --disable-libstdcxx-verbose --with-gmp=/builds/idf/crosstool-NG/.build/xtensa-esp-elf/buildtools --with-mpfr=/builds/idf/crosstool-NG/.build/xtensa-esp-elf/buildtools --with-mpc=/builds/idf/crosstool-NG/.build/xtensa-esp-elf/buildtools --with-isl=/builds/idf/crosstool-NG/.build/xtensa-esp-elf/buildtools --enable-lto --enable-target-optspace --without-long-double-128 --disable-nls --enable-multiarch --enable-languages=c,c++ --disable-libstdcxx-verbose --enable-threads=posix --enable-gcov-custom-rtio --enable-libstdcxx-time=yes
Thread model: posix
Supported LTO compression algorithms: zlib
gcc version 13.2.0 (crosstool-NG esp-13.2.0_20230928) 
COLLECT_GCC_OPTIONS='-mdynconfig=xtensa_esp32s3.so' '-mlongcalls' '-v' '-o' 'CMakeFiles/cmTC_467b7.dir/CMakeCCompilerABI.c.obj' '-c' '-dumpdir' 'CMakeFiles/cmTC_467b7.dir/'
 /usr/lib/sdk/esp-idf/tools/tools/xtensa-esp-elf/esp-13.2.0_20230928/xtensa-esp-elf/bin/../libexec/gcc/xtensa-esp-elf/13.2.0/cc1 -quiet -v -imultilib esp32s3 -iprefix /usr/lib/sdk/esp-idf/tools/tools/xtensa-esp-elf/esp-13.2.0_20230928/xtensa-esp-elf/bin/../lib/gcc/xtensa-esp-elf/13.2.0/ /usr/lib/sdk/esp-idf/tools/tools/cmake/3.24.0/share/cmake-3.24/Modules/CMakeCCompilerABI.c -quiet -dumpdir CMakeFiles/cmTC_467b7.dir/ -dumpbase CMakeCCompilerABI.c.c -dumpbase-ext .c -mdynconfig=xtensa_esp32s3.so -mlongcalls -version -o /tmp/cc8Vm9WD.s
GNU C17 (crosstool-NG esp-13.2.0_20230928) version 13.2.0 (xtensa-esp-elf)
	compiled by GNU C version 4.9.2, GMP version 6.2.1, MPFR version 4.1.0, MPC version 1.2.1, isl version isl-0.24-GMP

GGC heuristics: --param ggc-min-expand=100 --param ggc-min-heapsize=131072
ignoring duplicate directory "/usr/lib/sdk/esp-idf/tools/tools/xtensa-esp-elf/esp-13.2.0_20230928/xtensa-esp-elf/bin/../lib/gcc/../../lib/gcc/xtensa-esp-elf/13.2.0/include"
ignoring duplicate directory "/usr/lib/sdk/esp-idf/tools/tools/xtensa-esp-elf/esp-13.2.0_20230928/xtensa-esp-elf/bin/../lib/gcc/../../lib/gcc/xtensa-esp-elf/13.2.0/include-fixed"
ignoring duplicate directory "/usr/lib/sdk/esp-idf/tools/tools/xtensa-esp-elf/esp-13.2.0_20230928/xtensa-esp-elf/bin/../lib/gcc/../../lib/gcc/xtensa-esp-elf/13.2.0/../../../../xtensa-esp-elf/sys-include"
ignoring duplicate directory "/usr/lib/sdk/esp-idf/tools/tools/xtensa-esp-elf/esp-13.2.0_20230928/xtensa-esp-elf/bin/../lib/gcc/../../lib/gcc/xtensa-esp-elf/13.2.0/../../../../xtensa-esp-elf/include"
#include "..." search starts here:
#include <...> search starts here:
 /usr/lib/sdk/esp-idf/tools/tools/xtensa-esp-elf/esp-13.2.0_20230928/xtensa-esp-elf/bin/../lib/gcc/xtensa-esp-elf/13.2.0/include
 /usr/lib/sdk/esp-idf/tools/tools/xtensa-esp-elf/esp-13.2.0_20230928/xtensa-esp-elf/bin/../lib/gcc/xtensa-esp-elf/13.2.0/include-fixed
 /usr/lib/sdk/esp-idf/tools/tools/xtensa-esp-elf/esp-13.2.0_20230928/xtensa-esp-elf/bin/../lib/gcc/xtensa-esp-elf/13.2.0/../../../../xtensa-esp-elf/sys-include
 /usr/lib/sdk/esp-idf/tools/tools/xtensa-esp-elf/esp-13.2.0_20230928/xtensa-esp-elf/bin/../lib/gcc/xtensa-esp-elf/13.2.0/../../../../xtensa-esp-elf/include
End of search list.
Compiler executable checksum: 4539739640aaddb8d2d8a8b528c1da63
COLLECT_GCC_OPTIONS='-mdynconfig=xtensa_esp32s3.so' '-mlongcalls' '-v' '-o' 'CMakeFiles/cmTC_467b7.dir/CMakeCCompilerABI.c.obj' '-c' '-dumpdir' 'CMakeFiles/cmTC_467b7.dir/'
 /usr/lib/sdk/esp-idf/tools/tools/xtensa-esp-elf/esp-13.2.0_20230928/xtensa-esp-elf/bin/../lib/gcc/xtensa-esp-elf/13.2.0/../../../../xtensa-esp-elf/bin/as --traditional-format --longcalls --dynconfig=xtensa_esp32s3.so -o CMakeFiles/cmTC_467b7.dir/CMakeCCompilerABI.c.obj /tmp/cc8Vm9WD.s
COMPILER_PATH=/usr/lib/sdk/esp-idf/tools/tools/xtensa-esp-elf/esp-13.2.0_20230928/xtensa-esp-elf/bin/../libexec/gcc/xtensa-esp-elf/13.2.0/:/usr/lib/sdk/esp-idf/tools/tools/xtensa-esp-elf/esp-13.2.0_20230928/xtensa-esp-elf/bin/../libexec/gcc/:/usr/lib/sdk/esp-idf/tools/tools/xtensa-esp-elf/esp-13.2.0_20230928/xtensa-esp-elf/bin/../lib/gcc/xtensa-esp-elf/13.2.0/../../../../xtensa-esp-elf/bin/
LIBRARY_PATH=/usr/lib/sdk/esp-idf/tools/tools/xtensa-esp-elf/esp-13.2.0_20230928/xtensa-esp-elf/bin/../lib/gcc/xtensa-esp-elf/13.2.0/esp32s3/:/usr/lib/sdk/esp-idf/tools/tools/xtensa-esp-elf/esp-13.2.0_20230928/xtensa-esp-elf/bin/../lib/gcc/xtensa-esp-elf/13.2.0/../../../../xtensa-esp-elf/lib/esp32s3/:/usr/lib/sdk/esp-idf/tools/tools/xtensa-esp-elf/esp-13.2.0_20230928/xtensa-esp-elf/bin/../lib/gcc/xtensa-esp-elf/13.2.0/:/usr/lib/sdk/esp-idf/tools/tools/xtensa-esp-elf/esp-13.2.0_20230928/xtensa-esp-elf/bin/../lib/gcc/:/usr/lib/sdk/esp-idf/tools/tools/xtensa-esp-elf/esp-13.2.0_20230928/xtensa-esp-elf/bin/../lib/gcc/xtensa-esp-elf/13.2.0/../../../../xtensa-esp-elf/lib/
COLLECT_GCC_OPTIONS='-mdynconfig=xtensa_esp32s3.so' '-mlongcalls' '-v' '-o' 'CMakeFiles/cmTC_467b7.dir/CMakeCCompilerABI.c.obj' '-c' '-dumpdir' 'CMakeFiles/cmTC_467b7.dir/CMakeCCompilerABI.c.'
[2/2] Linking C executable cmTC_467b7
Using built-in specs.
COLLECT_GCC=/usr/lib/sdk/esp-idf/tools/tools/xtensa-esp-elf/esp-13.2.0_20230928/xtensa-esp-elf/bin/xtensa-esp-elf-gcc
COLLECT_LTO_WRAPPER=/usr/lib/sdk/esp-idf/tools/tools/xtensa-esp-elf/esp-13.2.0_20230928/xtensa-esp-elf/bin/../libexec/gcc/xtensa-esp-elf/13.2.0/lto-wrapper
Target: xtensa-esp-elf
Configured with: /builds/idf/crosstool-NG/.build/xtensa-esp-elf/src/gcc/configure --build=x86_64-build_pc-linux-gnu --host=x86_64-build_pc-linux-gnu --target=xtensa-esp-elf --prefix=/builds/idf/crosstool-NG/builds/xtensa-esp-elf --exec_prefix=/builds/idf/crosstool-NG/builds/xtensa-esp-elf --with-local-prefix=/builds/idf/crosstool-NG/builds/xtensa-esp-elf/xtensa-esp-elf --with-headers=/builds/idf/crosstool-NG/builds/xtensa-esp-elf/xtensa-esp-elf/include --with-newlib --enable-threads=no --disable-shared --with-pkgversion='crosstool-NG esp-13.2.0_20230928' --disable-__cxa_atexit --enable-cxx-flags=-ffunction-sections --disable-libgomp --disable-libmudflap --disable-libmpx --disable-libssp --disable-libquadmath --disable-libquadmath-support --disable-libstdcxx-verbose --with-gmp=/builds/idf/crosstool-NG/.build/xtensa-esp-elf/buildtools --with-mpfr=/builds/idf/crosstool-NG/.build/xtensa-esp-elf/buildtools --with-mpc=/builds/idf/crosstool-NG/.build/xtensa-esp-elf/buildtools --with-isl=/builds/idf/crosstool-NG/.build/xtensa-esp-elf/buildtools --enable-lto --enable-target-optspace --without-long-double-128 --disable-nls --enable-multiarch --enable-languages=c,c++ --disable-libstdcxx-verbose --enable-threads=posix --enable-gcov-custom-rtio --enable-libstdcxx-time=yes
Thread model: posix
Supported LTO compression algorithms: zlib
gcc version 13.2.0 (crosstool-NG esp-13.2.0_20230928) 
COMPILER_PATH=/usr/lib/sdk/esp-idf/tools/tools/xtensa-esp-elf/esp-13.2.0_20230928/xtensa-esp-elf/bin/../libexec/gcc/xtensa-esp-elf/13.2.0/:/usr/lib/sdk/esp-idf/tools/tools/xtensa-esp-elf/esp-13.2.0_20230928/xtensa-esp-elf/bin/../libexec/gcc/:/usr/lib/sdk/esp-idf/tools/tools/xtensa-esp-elf/esp-13.2.0_20230928/xtensa-esp-elf/bin/../lib/gcc/xtensa-esp-elf/13.2.0/../../../../xtensa-esp-elf/bin/
LIBRARY_PATH=/usr/lib/sdk/esp-idf/tools/tools/xtensa-esp-elf/esp-13.2.0_20230928/xtensa-esp-elf/bin/../lib/gcc/xtensa-esp-elf/13.2.0/esp32s3/:/usr/lib/sdk/esp-idf/tools/tools/xtensa-esp-elf/esp-13.2.0_20230928/xtensa-esp-elf/bin/../lib/gcc/xtensa-esp-elf/13.2.0/../../../../xtensa-esp-elf/lib/esp32s3/:/usr/lib/sdk/esp-idf/tools/tools/xtensa-esp-elf/esp-13.2.0_20230928/xtensa-esp-elf/bin/../lib/gcc/xtensa-esp-elf/13.2.0/:/usr/lib/sdk/esp-idf/tools/tools/xtensa-esp-elf/esp-13.2.0_20230928/xtensa-esp-elf/bin/../lib/gcc/:/usr/lib/sdk/esp-idf/tools/tools/xtensa-esp-elf/esp-13.2.0_20230928/xtensa-esp-elf/bin/../lib/gcc/xtensa-esp-elf/13.2.0/../../../../xtensa-esp-elf/lib/
COLLECT_GCC_OPTIONS='-mdynconfig=xtensa_esp32s3.so' '-mlongcalls' '-v' '-o' 'cmTC_467b7' '-dumpdir' 'cmTC_467b7.'
 /usr/lib/sdk/esp-idf/tools/tools/xtensa-esp-elf/esp-13.2.0_20230928/xtensa-esp-elf/bin/../libexec/gcc/xtensa-esp-elf/13.2.0/collect2 -plugin /usr/lib/sdk/esp-idf/tools/tools/xtensa-esp-elf/esp-13.2.0_20230928/xtensa-esp-elf/bin/../libexec/gcc/xtensa-esp-elf/13.2.0/liblto_plugin.so -plugin-opt=/usr/lib/sdk/esp-idf/tools/tools/xtensa-esp-elf/esp-13.2.0_20230928/xtensa-esp-elf/bin/../libexec/gcc/xtensa-esp-elf/13.2.0/lto-wrapper -plugin-opt=-fresolution=/tmp/ccOnVqn8.res -plugin-opt=-pass-through=-lgcc -plugin-opt=-pass-through=-lc -plugin-opt=-pass-through=-lnosys -plugin-opt=-pass-through=-lc -plugin-opt=-pass-through=-lgcc --dynconfig=xtensa_esp32s3.so -o cmTC_467b7 /usr/lib/sdk/esp-idf/tools/tools/xtensa-esp-elf/esp-13.2.0_20230928/xtensa-esp-elf/bin/../lib/gcc/xtensa-esp-elf/13.2.0/../../../../xtensa-esp-elf/lib/esp32s3/crt0.o /usr/lib/sdk/esp-idf/tools/tools/xtensa-esp-elf/esp-13.2.0_20230928/xtensa-esp-elf/bin/../lib/gcc/xtensa-esp-elf/13.2.0/esp32s3/crti.o /usr/lib/sdk/esp-idf/tools/tools/xtensa-esp-elf/esp-13.2.0_20230928/xtensa-esp-elf/bin/../lib/gcc/xtensa-esp-elf/13.2.0/esp32s3/crtbegin.o -L/usr/lib/sdk/esp-idf/tools/tools/xtensa-esp-elf/esp-13.2.0_20230928/xtensa-esp-elf/bin/../lib/gcc/xtensa-esp-elf/13.2.0/esp32s3 -L/usr/lib/sdk/esp-idf/tools/tools/xtensa-esp-elf/esp-13.2.0_20230928/xtensa-esp-elf/bin/../lib/gcc/xtensa-esp-elf/13.2.0/../../../../xtensa-esp-elf/lib/esp32s3 -L/usr/lib/sdk/esp-idf/tools/tools/xtensa-esp-elf/esp-13.2.0_20230928/xtensa-esp-elf/bin/../lib/gcc/xtensa-esp-elf/13.2.0 -L/usr/lib/sdk/esp-idf/tools/tools/xtensa-esp-elf/esp-13.2.0_20230928/xtensa-esp-elf/bin/../lib/gcc -L/usr/lib/sdk/esp-idf/tools/tools/xtensa-esp-elf/esp-13.2.0_20230928/xtensa-esp-elf/bin/../lib/gcc/xtensa-esp-elf/13.2.0/../../../../xtensa-esp-elf/lib CMakeFiles/cmTC_467b7.dir/CMakeCCompilerABI.c.obj -lgcc -lc -lnosys -lc -lgcc /usr/lib/sdk/esp-idf/tools/tools/xtensa-esp-elf/esp-13.2.0_20230928/xtensa-esp-elf/bin/../lib/gcc/xtensa-esp-elf/13.2.0/esp32s3/crtend.o /usr/lib/sdk/esp-idf/tools/tools/xtensa-esp-elf/esp-13.2.0_20230928/xtensa-esp-elf/bin/../lib/gcc/xtensa-esp-elf/13.2.0/esp32s3/crtn.o
COLLECT_GCC_OPTIONS='-mdynconfig=xtensa_esp32s3.so' '-mlongcalls' '-v' '-o' 'cmTC_467b7' '-dumpdir' 'cmTC_467b7.'



Parsed C implicit include dir info from above output: rv=done
  found start of include info
  found start of implicit include info
    add: [/usr/lib/sdk/esp-idf/tools/tools/xtensa-esp-elf/esp-13.2.0_20230928/xtensa-esp-elf/bin/../lib/gcc/xtensa-esp-elf/13.2.0/include]
    add: [/usr/lib/sdk/esp-idf/tools/tools/xtensa-esp-elf/esp-13.2.0_20230928/xtensa-esp-elf/bin/../lib/gcc/xtensa-esp-elf/13.2.0/include-fixed]
    add: [/usr/lib/sdk/esp-idf/tools/tools/xtensa-esp-elf/esp-13.2.0_20230928/xtensa-esp-elf/bin/../lib/gcc/xtensa-esp-elf/13.2.0/../../../../xtensa-esp-elf/sys-include]
    add: [/usr/lib/sdk/esp-idf/tools/tools/xtensa-esp-elf/esp-13.2.0_20230928/xtensa-esp-elf/bin/../lib/gcc/xtensa-esp-elf/13.2.0/../../../../xtensa-esp-elf/include]
  end of search list found
  collapse include dir [/usr/lib/sdk/esp-idf/tools/tools/xtensa-esp-elf/esp-13.2.0_20230928/xtensa-esp-elf/bin/../lib/gcc/xtensa-esp-elf/13.2.0/include] ==> [/usr/lib/sdk/esp-idf/tools/tools/xtensa-esp-elf/esp-13.2.0_20230928/xtensa-esp-elf/lib/gcc/xtensa-esp-elf/13.2.0/include]
  collapse include dir [/usr/lib/sdk/esp-idf/tools/tools/xtensa-esp-elf/esp-13.2.0_20230928/xtensa-esp-elf/bin/../lib/gcc/xtensa-esp-elf/13.2.0/include-fixed] ==> [/usr/lib/sdk/esp-idf/tools/tools/xtensa-esp-elf/esp-13.2.0_20230928/xtensa-esp-elf/lib/gcc/xtensa-esp-elf/13.2.0/include-fixed]
  collapse include dir [/usr/lib/sdk/esp-idf/tools/tools/xtensa-esp-elf/esp-13.2.0_20230928/xtensa-esp-elf/bin/../lib/gcc/xtensa-esp-elf/13.2.0/../../../../xtensa-esp-elf/sys-include] ==> [/usr/lib/sdk/esp-idf/tools/tools/xtensa-esp-elf/esp-13.2.0_20230928/xtensa-esp-elf/xtensa-esp-elf/sys-include]
  collapse include dir [/usr/lib/sdk/esp-idf/tools/tools/xtensa-esp-elf/esp-13.2.0_20230928/xtensa-esp-elf/bin/../lib/gcc/xtensa-esp-elf/13.2.0/../../../../xtensa-esp-elf/include] ==> [/usr/lib/sdk/esp-idf/tools/tools/xtensa-esp-elf/esp-13.2.0_20230928/xtensa-esp-elf/xtensa-esp-elf/include]
  implicit include dirs: [/usr/lib/sdk/esp-idf/tools/tools/xtensa-esp-elf/esp-13.2.0_20230928/xtensa-esp-elf/lib/gcc/xtensa-esp-elf/13.2.0/include;/usr/lib/sdk/esp-idf/tools/tools/xtensa-esp-elf/esp-13.2.0_20230928/xtensa-esp-elf/lib/gcc/xtensa-esp-elf/13.2.0/include-fixed;/usr/lib/sdk/esp-idf/tools/tools/xtensa-esp-elf/esp-13.2.0_20230928/xtensa-esp-elf/xtensa-esp-elf/sys-include;/usr/lib/sdk/esp-idf/tools/tools/xtensa-esp-elf/esp-13.2.0_20230928/xtensa-esp-elf/xtensa-esp-elf/include]


Parsed C implicit link information from above output:
  link line regex: [^( *|.*[/\])(xtensa-esp32s3-elf-ld|CMAKE_LINK_STARTFILE-NOTFOUND|([^/\]+-)?ld|collect2)[^/\]*( |$)]
  ignore line: [Change Dir: /var/home/aluno/workspace/blink/build/CMakeFiles/CMakeTmp]
  ignore line: []
  ignore line: [Run Build Command(s):/usr/lib/sdk/esp-idf/tools/tools/ninja/1.11.1/ninja cmTC_467b7 && [1/2] Building C object CMakeFiles/cmTC_467b7.dir/CMakeCCompilerABI.c.obj]
  ignore line: [Using built-in specs.]
  ignore line: [COLLECT_GCC=/usr/lib/sdk/esp-idf/tools/tools/xtensa-esp-elf/esp-13.2.0_20230928/xtensa-esp-elf/bin/xtensa-esp-elf-gcc]
  ignore line: [Target: xtensa-esp-elf]
  ignore line: [Configured with: /builds/idf/crosstool-NG/.build/xtensa-esp-elf/src/gcc/configure --build=x86_64-build_pc-linux-gnu --host=x86_64-build_pc-linux-gnu --target=xtensa-esp-elf --prefix=/builds/idf/crosstool-NG/builds/xtensa-esp-elf --exec_prefix=/builds/idf/crosstool-NG/builds/xtensa-esp-elf --with-local-prefix=/builds/idf/crosstool-NG/builds/xtensa-esp-elf/xtensa-esp-elf --with-headers=/builds/idf/crosstool-NG/builds/xtensa-esp-elf/xtensa-esp-elf/include --with-newlib --enable-threads=no --disable-shared --with-pkgversion='crosstool-NG esp-13.2.0_20230928' --disable-__cxa_atexit --enable-cxx-flags=-ffunction-sections --disable-libgomp --disable-libmudflap --disable-libmpx --disable-libssp --disable-libquadmath --disable-libquadmath-support --disable-libstdcxx-verbose --with-gmp=/builds/idf/crosstool-NG/.build/xtensa-esp-elf/buildtools --with-mpfr=/builds/idf/crosstool-NG/.build/xtensa-esp-elf/buildtools --with-mpc=/builds/idf/crosstool-NG/.build/xtensa-esp-elf/buildtools --with-isl=/builds/idf/crosstool-NG/.build/xtensa-esp-elf/buildtools --enable-lto --enable-target-optspace --without-long-double-128 --disable-nls --enable-multiarch --enable-languages=c c++ --disable-libstdcxx-verbose --enable-threads=posix --enable-gcov-custom-rtio --enable-libstdcxx-time=yes]
  ignore line: [Thread model: posix]
  ignore line: [Supported LTO compression algorithms: zlib]
  ignore line: [gcc version 13.2.0 (crosstool-NG esp-13.2.0_20230928) ]
  ignore line: [COLLECT_GCC_OPTIONS='-mdynconfig=xtensa_esp32s3.so' '-mlongcalls' '-v' '-o' 'CMakeFiles/cmTC_467b7.dir/CMakeCCompilerABI.c.obj' '-c' '-dumpdir' 'CMakeFiles/cmTC_467b7.dir/']
  ignore line: [ /usr/lib/sdk/esp-idf/tools/tools/xtensa-esp-elf/esp-13.2.0_20230928/xtensa-esp-elf/bin/../libexec/gcc/xtensa-esp-elf/13.2.0/cc1 -quiet -v -imultilib esp32s3 -iprefix /usr/lib/sdk/esp-idf/tools/tools/xtensa-esp-elf/esp-13.2.0_20230928/xtensa-esp-elf/bin/../lib/gcc/xtensa-esp-elf/13.2.0/ /usr/lib/sdk/esp-idf/tools/tools/cmake/3.24.0/share/cmake-3.24/Modules/CMakeCCompilerABI.c -quiet -dumpdir CMakeFiles/cmTC_467b7.dir/ -dumpbase CMakeCCompilerABI.c.c -dumpbase-ext .c -mdynconfig=xtensa_esp32s3.so -mlongcalls -version -o /tmp/cc8Vm9WD.s]
  ignore line: [GNU C17 (crosstool-NG esp-13.2.0_20230928) version 13.2.0 (xtensa-esp-elf)]
  ignore line: [	compiled by GNU C version 4.9.2  GMP version 6.2.1  MPFR version 4.1.0  MPC version 1.2.1  isl version isl-0.24-GMP]
  ignore line: []
  ignore line: [GGC heuristics: --param ggc-min-expand=100 --param ggc-min-heapsize=131072]
  ignore line: [ignoring duplicate directory "/usr/lib/sdk/esp-idf/tools/tools/xtensa-esp-elf/esp-13.2.0_20230928/xtensa-esp-elf/bin/../lib/gcc/../../lib/gcc/xtensa-esp-elf/13.2.0/include"]
  ignore line: [ignoring duplicate directory "/usr/lib/sdk/esp-idf/tools/tools/xtensa-esp-elf/esp-13.2.0_20230928/xtensa-esp-elf/bin/../lib/gcc/../../lib/gcc/xtensa-esp-elf/13.2.0/include-fixed"]
  ignore line: [ignoring duplicate directory "/usr/lib/sdk/esp-idf/tools/tools/xtensa-esp-elf/esp-13.2.0_20230928/xtensa-esp-elf/bin/../lib/gcc/../../lib/gcc/xtensa-esp-elf/13.2.0/../../../../xtensa-esp-elf/sys-include"]
  ignore line: [ignoring duplicate directory "/usr/lib/sdk/esp-idf/tools/tools/xtensa-esp-elf/esp-13.2.0_20230928/xtensa-esp-elf/bin/../lib/gcc/../../lib/gcc/xtensa-esp-elf/13.2.0/../../../../xtensa-esp-elf/include"]
  ignore line: [#include "..." search starts here:]
  ignore line: [#include <...> search starts here:]
  ignore line: [ /usr/lib/sdk/esp-idf/tools/tools/xtensa-esp-elf/esp-13.2.0_20230928/xtensa-esp-elf/bin/../lib/gcc/xtensa-esp-elf/13.2.0/include]
  ignore line: [ /usr/lib/sdk/esp-idf/tools/tools/xtensa-esp-elf/esp-13.2.0_20230928/xtensa-esp-elf/bin/../lib/gcc/xtensa-esp-elf/13.2.0/include-fixed]
  ignore line: [ /usr/lib/sdk/esp-idf/tools/tools/xtensa-esp-elf/esp-13.2.0_20230928/xtensa-esp-elf/bin/../lib/gcc/xtensa-esp-elf/13.2.0/../../../../xtensa-esp-elf/sys-include]
  ignore line: [ /usr/lib/sdk/esp-idf/tools/tools/xtensa-esp-elf/esp-13.2.0_20230928/xtensa-esp-elf/bin/../lib/gcc/xtensa-esp-elf/13.2.0/../../../../xtensa-esp-elf/include]
  ignore line: [End of search list.]
  ignore line: [Compiler executable checksum: 4539739640aaddb8d2d8a8b528c1da63]
  ignore line: [COLLECT_GCC_OPTIONS='-mdynconfig=xtensa_esp32s3.so' '-mlongcalls' '-v' '-o' 'CMakeFiles/cmTC_467b7.dir/CMakeCCompilerABI.c.obj' '-c' '-dumpdir' 'CMakeFiles/cmTC_467b7.dir/']
  ignore line: [ /usr/lib/sdk/esp-idf/tools/tools/xtensa-esp-elf/esp-13.2.0_20230928/xtensa-esp-elf/bin/../lib/gcc/xtensa-esp-elf/13.2.0/../../../../xtensa-esp-elf/bin/as --traditional-format --longcalls --dynconfig=xtensa_esp32s3.so -o CMakeFiles/cmTC_467b7.dir/CMakeCCompilerABI.c.obj /tmp/cc8Vm9WD.s]
  ignore line: [COMPILER_PATH=/usr/lib/sdk/esp-idf/tools/tools/xtensa-esp-elf/esp-13.2.0_20230928/xtensa-esp-elf/bin/../libexec/gcc/xtensa-esp-elf/13.2.0/:/usr/lib/sdk/esp-idf/tools/tools/xtensa-esp-elf/esp-13.2.0_20230928/xtensa-esp-elf/bin/../libexec/gcc/:/usr/lib/sdk/esp-idf/tools/tools/xtensa-esp-elf/esp-13.2.0_20230928/xtensa-esp-elf/bin/../lib/gcc/xtensa-esp-elf/13.2.0/../../../../xtensa-esp-elf/bin/]
  ignore line: [LIBRARY_PATH=/usr/lib/sdk/esp-idf/tools/tools/xtensa-esp-elf/esp-13.2.0_20230928/xtensa-esp-elf/bin/../lib/gcc/xtensa-esp-elf/13.2.0/esp32s3/:/usr/lib/sdk/esp-idf/tools/tools/xtensa-esp-elf/esp-13.2.0_20230928/xtensa-esp-elf/bin/../lib/gcc/xtensa-esp-elf/13.2.0/../../../../xtensa-esp-elf/lib/esp32s3/:/usr/lib/sdk/esp-idf/tools/tools/xtensa-esp-elf/esp-13.2.0_20230928/xtensa-esp-elf/bin/../lib/gcc/xtensa-esp-elf/13.2.0/:/usr/lib/sdk/esp-idf/tools/tools/xtensa-esp-elf/esp-13.2.0_20230928/xtensa-esp-elf/bin/../lib/gcc/:/usr/lib/sdk/esp-idf/tools/tools/xtensa-esp-elf/esp-13.2.0_20230928/xtensa-esp-elf/bin/../lib/gcc/xtensa-esp-elf/13.2.0/../../../../xtensa-esp-elf/lib/]
  ignore line: [COLLECT_GCC_OPTIONS='-mdynconfig=xtensa_esp32s3.so' '-mlongcalls' '-v' '-o' 'CMakeFiles/cmTC_467b7.dir/CMakeCCompilerABI.c.obj' '-c' '-dumpdir' 'CMakeFiles/cmTC_467b7.dir/CMakeCCompilerABI.c.']
  ignore line: [[2/2] Linking C executable cmTC_467b7]
  ignore line: [Using built-in specs.]
  ignore line: [COLLECT_GCC=/usr/lib/sdk/esp-idf/tools/tools/xtensa-esp-elf/esp-13.2.0_20230928/xtensa-esp-elf/bin/xtensa-esp-elf-gcc]
  ignore line: [COLLECT_LTO_WRAPPER=/usr/lib/sdk/esp-idf/tools/tools/xtensa-esp-elf/esp-13.2.0_20230928/xtensa-esp-elf/bin/../libexec/gcc/xtensa-esp-elf/13.2.0/lto-wrapper]
  ignore line: [Target: xtensa-esp-elf]
  ignore line: [Configured with: /builds/idf/crosstool-NG/.build/xtensa-esp-elf/src/gcc/configure --build=x86_64-build_pc-linux-gnu --host=x86_64-build_pc-linux-gnu --target=xtensa-esp-elf --prefix=/builds/idf/crosstool-NG/builds/xtensa-esp-elf --exec_prefix=/builds/idf/crosstool-NG/builds/xtensa-esp-elf --with-local-prefix=/builds/idf/crosstool-NG/builds/xtensa-esp-elf/xtensa-esp-elf --with-headers=/builds/idf/crosstool-NG/builds/xtensa-esp-elf/xtensa-esp-elf/include --with-newlib --enable-threads=no --disable-shared --with-pkgversion='crosstool-NG esp-13.2.0_20230928' --disable-__cxa_atexit --enable-cxx-flags=-ffunction-sections --disable-libgomp --disable-libmudflap --disable-libmpx --disable-libssp --disable-libquadmath --disable-libquadmath-support --disable-libstdcxx-verbose --with-gmp=/builds/idf/crosstool-NG/.build/xtensa-esp-elf/buildtools --with-mpfr=/builds/idf/crosstool-NG/.build/xtensa-esp-elf/buildtools --with-mpc=/builds/idf/crosstool-NG/.build/xtensa-esp-elf/buildtools --with-isl=/builds/idf/crosstool-NG/.build/xtensa-esp-elf/buildtools --enable-lto --enable-target-optspace --without-long-double-128 --disable-nls --enable-multiarch --enable-languages=c c++ --disable-libstdcxx-verbose --enable-threads=posix --enable-gcov-custom-rtio --enable-libstdcxx-time=yes]
  ignore line: [Thread model: posix]
  ignore line: [Supported LTO compression algorithms: zlib]
  ignore line: [gcc version 13.2.0 (crosstool-NG esp-13.2.0_20230928) ]
  ignore line: [COMPILER_PATH=/usr/lib/sdk/esp-idf/tools/tools/xtensa-esp-elf/esp-13.2.0_20230928/xtensa-esp-elf/bin/../libexec/gcc/xtensa-esp-elf/13.2.0/:/usr/lib/sdk/esp-idf/tools/tools/xtensa-esp-elf/esp-13.2.0_20230928/xtensa-esp-elf/bin/../libexec/gcc/:/usr/lib/sdk/esp-idf/tools/tools/xtensa-esp-elf/esp-13.2.0_20230928/xtensa-esp-elf/bin/../lib/gcc/xtensa-esp-elf/13.2.0/../../../../xtensa-esp-elf/bin/]
  ignore line: [LIBRARY_PATH=/usr/lib/sdk/esp-idf/tools/tools/xtensa-esp-elf/esp-13.2.0_20230928/xtensa-esp-elf/bin/../lib/gcc/xtensa-esp-elf/13.2.0/esp32s3/:/usr/lib/sdk/esp-idf/tools/tools/xtensa-esp-elf/esp-13.2.0_20230928/xtensa-esp-elf/bin/../lib/gcc/xtensa-esp-elf/13.2.0/../../../../xtensa-esp-elf/lib/esp32s3/:/usr/lib/sdk/esp-idf/tools/tools/xtensa-esp-elf/esp-13.2.0_20230928/xtensa-esp-elf/bin/../lib/gcc/xtensa-esp-elf/13.2.0/:/usr/lib/sdk/esp-idf/tools/tools/xtensa-esp-elf/esp-13.2.0_20230928/xtensa-esp-elf/bin/../lib/gcc/:/usr/lib/sdk/esp-idf/tools/tools/xtensa-esp-elf/esp-13.2.0_20230928/xtensa-esp-elf/bin/../lib/gcc/xtensa-esp-elf/13.2.0/../../../../xtensa-esp-elf/lib/]
  ignore line: [COLLECT_GCC_OPTIONS='-mdynconfig=xtensa_esp32s3.so' '-mlongcalls' '-v' '-o' 'cmTC_467b7' '-dumpdir' 'cmTC_467b7.']
  link line: [ /usr/lib/sdk/esp-idf/tools/tools/xtensa-esp-elf/esp-13.2.0_20230928/xtensa-esp-elf/bin/../libexec/gcc/xtensa-esp-elf/13.2.0/collect2 -plugin /usr/lib/sdk/esp-idf/tools/tools/xtensa-esp-elf/esp-13.2.0_20230928/xtensa-esp-elf/bin/../libexec/gcc/xtensa-esp-elf/13.2.0/liblto_plugin.so -plugin-opt=/usr/lib/sdk/esp-idf/tools/tools/xtensa-esp-elf/esp-13.2.0_20230928/xtensa-esp-elf/bin/../libexec/gcc/xtensa-esp-elf/13.2.0/lto-wrapper -plugin-opt=-fresolution=/tmp/ccOnVqn8.res -plugin-opt=-pass-through=-lgcc -plugin-opt=-pass-through=-lc -plugin-opt=-pass-through=-lnosys -plugin-opt=-pass-through=-lc -plugin-opt=-pass-through=-lgcc --dynconfig=xtensa_esp32s3.so -o cmTC_467b7 /usr/lib/sdk/esp-idf/tools/tools/xtensa-esp-elf/esp-13.2.0_20230928/xtensa-esp-elf/bin/../lib/gcc/xtensa-esp-elf/13.2.0/../../../../xtensa-esp-elf/lib/esp32s3/crt0.o /usr/lib/sdk/esp-idf/tools/tools/xtensa-esp-elf/esp-13.2.0_20230928/xtensa-esp-elf/bin/../lib/gcc/xtensa-esp-elf/13.2.0/esp32s3/crti.o /usr/lib/sdk/esp-idf/tools/tools/xtensa-esp-elf/esp-13.2.0_20230928/xtensa-esp-elf/bin/../lib/gcc/xtensa-esp-elf/13.2.0/esp32s3/crtbegin.o -L/usr/lib/sdk/esp-idf/tools/tools/xtensa-esp-elf/esp-13.2.0_20230928/xtensa-esp-elf/bin/../lib/gcc/xtensa-esp-elf/13.2.0/esp32s3 -L/usr/lib/sdk/esp-idf/tools/tools/xtensa-esp-elf/esp-13.2.0_20230928/xtensa-esp-elf/bin/../lib/gcc/xtensa-esp-elf/13.2.0/../../../../xtensa-esp-elf/lib/esp32s3 -L/usr/lib/sdk/esp-idf/tools/tools/xtensa-esp-elf/esp-13.2.0_20230928/xtensa-esp-elf/bin/../lib/gcc/xtensa-esp-elf/13.2.0 -L/usr/lib/sdk/esp-idf/tools/tools/xtensa-esp-elf/esp-13.2.0_20230928/xtensa-esp-elf/bin/../lib/gcc -L/usr/lib/sdk/esp-idf/tools/tools/xtensa-esp-elf/esp-13.2.0_20230928/xtensa-esp-elf/bin/../lib/gcc/xtensa-esp-elf/13.2.0/../../../../xtensa-esp-elf/lib CMakeFiles/cmTC_467b7.dir/CMakeCCompilerABI.c.obj -lgcc -lc -lnosys -lc -lgcc /usr/lib/sdk/esp-idf/tools/tools/xtensa-esp-elf/esp-13.2.0_20230928/xtensa-esp-elf/bin/../lib/gcc/xtensa-esp-elf/13.2.0/esp32s3/crtend.o /usr/lib/sdk/esp-idf/tools/tools/xtensa-esp-elf/esp-13.2.0_20230928/xtensa-esp-elf/bin/../lib/gcc/xtensa-esp-elf/13.2.0/esp32s3/crtn.o]
    arg [/usr/lib/sdk/esp-idf/tools/tools/xtensa-esp-elf/esp-13.2.0_20230928/xtensa-esp-elf/bin/../libexec/gcc/xtensa-esp-elf/13.2.0/collect2] ==> ignore
    arg [-plugin] ==> ignore
    arg [/usr/lib/sdk/esp-idf/tools/tools/xtensa-esp-elf/esp-13.2.0_20230928/xtensa-esp-elf/bin/../libexec/gcc/xtensa-esp-elf/13.2.0/liblto_plugin.so] ==> ignore
    arg [-plugin-opt=/usr/lib/sdk/esp-idf/tools/tools/xtensa-esp-elf/esp-13.2.0_20230928/xtensa-esp-elf/bin/../libexec/gcc/xtensa-esp-elf/13.2.0/lto-wrapper] ==> ignore
    arg [-plugin-opt=-fresolution=/tmp/ccOnVqn8.res] ==> ignore
    arg [-plugin-opt=-pass-through=-lgcc] ==> ignore
    arg [-plugin-opt=-pass-through=-lc] ==> ignore
    arg [-plugin-opt=-pass-through=-lnosys] ==> ignore
    arg [-plugin-opt=-pass-through=-lc] ==> ignore
    arg [-plugin-opt=-pass-through=-lgcc] ==> ignore
    arg [--dynconfig=xtensa_esp32s3.so] ==> ignore
    arg [-o] ==> ignore
    arg [cmTC_467b7] ==> ignore
    arg [/usr/lib/sdk/esp-idf/tools/tools/xtensa-esp-elf/esp-13.2.0_20230928/xtensa-esp-elf/bin/../lib/gcc/xtensa-esp-elf/13.2.0/../../../../xtensa-esp-elf/lib/esp32s3/crt0.o] ==> obj [/usr/lib/sdk/esp-idf/tools/tools/xtensa-esp-elf/esp-13.2.0_20230928/xtensa-esp-elf/bin/../lib/gcc/xtensa-esp-elf/13.2.0/../../../../xtensa-esp-elf/lib/esp32s3/crt0.o]
    arg [/usr/lib/sdk/esp-idf/tools/tools/xtensa-esp-elf/esp-13.2.0_20230928/xtensa-esp-elf/bin/../lib/gcc/xtensa-esp-elf/13.2.0/esp32s3/crti.o] ==> obj [/usr/lib/sdk/esp-idf/tools/tools/xtensa-esp-elf/esp-13.2.0_20230928/xtensa-esp-elf/bin/../lib/gcc/xtensa-esp-elf/13.2.0/esp32s3/crti.o]
    arg [/usr/lib/sdk/esp-idf/tools/tools/xtensa-esp-elf/esp-13.2.0_20230928/xtensa-esp-elf/bin/../lib/gcc/xtensa-esp-elf/13.2.0/esp32s3/crtbegin.o] ==> obj [/usr/lib/sdk/esp-idf/tools/tools/xtensa-esp-elf/esp-13.2.0_20230928/xtensa-esp-elf/bin/../lib/gcc/xtensa-esp-elf/13.2.0/esp32s3/crtbegin.o]
    arg [-L/usr/lib/sdk/esp-idf/tools/tools/xtensa-esp-elf/esp-13.2.0_20230928/xtensa-esp-elf/bin/../lib/gcc/xtensa-esp-elf/13.2.0/esp32s3] ==> dir [/usr/lib/sdk/esp-idf/tools/tools/xtensa-esp-elf/esp-13.2.0_20230928/xtensa-esp-elf/bin/../lib/gcc/xtensa-esp-elf/13.2.0/esp32s3]
    arg [-L/usr/lib/sdk/esp-idf/tools/tools/xtensa-esp-elf/esp-13.2.0_20230928/xtensa-esp-elf/bin/../lib/gcc/xtensa-esp-elf/13.2.0/../../../../xtensa-esp-elf/lib/esp32s3] ==> dir [/usr/lib/sdk/esp-idf/tools/tools/xtensa-esp-elf/esp-13.2.0_20230928/xtensa-esp-elf/bin/../lib/gcc/xtensa-esp-elf/13.2.0/../../../../xtensa-esp-elf/lib/esp32s3]
    arg [-L/usr/lib/sdk/esp-idf/tools/tools/xtensa-esp-elf/esp-13.2.0_20230928/xtensa-esp-elf/bin/../lib/gcc/xtensa-esp-elf/13.2.0] ==> dir [/usr/lib/sdk/esp-idf/tools/tools/xtensa-esp-elf/esp-13.2.0_20230928/xtensa-esp-elf/bin/../lib/gcc/xtensa-esp-elf/13.2.0]
    arg [-L/usr/lib/sdk/esp-idf/tools/tools/xtensa-esp-elf/esp-13.2.0_20230928/xtensa-esp-elf/bin/../lib/gcc] ==> dir [/usr/lib/sdk/esp-idf/tools/tools/xtensa-esp-elf/esp-13.2.0_20230928/xtensa-esp-elf/bin/../lib/gcc]
    arg [-L/usr/lib/sdk/esp-idf/tools/tools/xtensa-esp-elf/esp-13.2.0_20230928/xtensa-esp-elf/bin/../lib/gcc/xtensa-esp-elf/13.2.0/../../../../xtensa-esp-elf/lib] ==> dir [/usr/lib/sdk/esp-idf/tools/tools/xtensa-esp-elf/esp-13.2.0_20230928/xtensa-esp-elf/bin/../lib/gcc/xtensa-esp-elf/13.2.0/../../../../xtensa-esp-elf/lib]
    arg [CMakeFiles/cmTC_467b7.dir/CMakeCCompilerABI.c.obj] ==> ignore
    arg [-lgcc] ==> lib [gcc]
    arg [-lc] ==> lib [c]
    arg [-lnosys] ==> lib [nosys]
    arg [-lc] ==> lib [c]
    arg [-lgcc] ==> lib [gcc]
    arg [/usr/lib/sdk/esp-idf/tools/tools/xtensa-esp-elf/esp-13.2.0_20230928/xtensa-esp-elf/bin/../lib/gcc/xtensa-esp-elf/13.2.0/esp32s3/crtend.o] ==> obj [/usr/lib/sdk/esp-idf/tools/tools/xtensa-esp-elf/esp-13.2.0_20230928/xtensa-esp-elf/bin/../lib/gcc/xtensa-esp-elf/13.2.0/esp32s3/crtend.o]
    arg [/usr/lib/sdk/esp-idf/tools/tools/xtensa-esp-elf/esp-13.2.0_20230928/xtensa-esp-elf/bin/../lib/gcc/xtensa-esp-elf/13.2.0/esp32s3/crtn.o] ==> obj [/usr/lib/sdk/esp-idf/tools/tools/xtensa-esp-elf/esp-13.2.0_20230928/xtensa-esp-elf/bin/../lib/gcc/xtensa-esp-elf/13.2.0/esp32s3/crtn.o]
  collapse obj [/usr/lib/sdk/esp-idf/tools/tools/xtensa-esp-elf/esp-13.2.0_20230928/xtensa-esp-elf/bin/../lib/gcc/xtensa-esp-elf/13.2.0/../../../../xtensa-esp-elf/lib/esp32s3/crt0.o] ==> [/usr/lib/sdk/esp-idf/tools/tools/xtensa-esp-elf/esp-13.2.0_20230928/xtensa-esp-elf/xtensa-esp-elf/lib/esp32s3/crt0.o]
  collapse obj [/usr/lib/sdk/esp-idf/tools/tools/xtensa-esp-elf/esp-13.2.0_20230928/xtensa-esp-elf/bin/../lib/gcc/xtensa-esp-elf/13.2.0/esp32s3/crti.o] ==> [/usr/lib/sdk/esp-idf/tools/tools/xtensa-esp-elf/esp-13.2.0_20230928/xtensa-esp-elf/lib/gcc/xtensa-esp-elf/13.2.0/esp32s3/crti.o]
  collapse obj [/usr/lib/sdk/esp-idf/tools/tools/xtensa-esp-elf/esp-13.2.0_20230928/xtensa-esp-elf/bin/../lib/gcc/xtensa-esp-elf/13.2.0/esp32s3/crtbegin.o] ==> [/usr/lib/sdk/esp-idf/tools/tools/xtensa-esp-elf/esp-13.2.0_20230928/xtensa-esp-elf/lib/gcc/xtensa-esp-elf/13.2.0/esp32s3/crtbegin.o]
  collapse obj [/usr/lib/sdk/esp-idf/tools/tools/xtensa-esp-elf/esp-13.2.0_20230928/xtensa-esp-elf/bin/../lib/gcc/xtensa-esp-elf/13.2.0/esp32s3/crtend.o] ==> [/usr/lib/sdk/esp-idf/tools/tools/xtensa-esp-elf/esp-13.2.0_20230928/xtensa-esp-elf/lib/gcc/xtensa-esp-elf/13.2.0/esp32s3/crtend.o]
  collapse obj [/usr/lib/sdk/esp-idf/tools/tools/xtensa-esp-elf/esp-13.2.0_20230928/xtensa-esp-elf/bin/../lib/gcc/xtensa-esp-elf/13.2.0/esp32s3/crtn.o] ==> [/usr/lib/sdk/esp-idf/tools/tools/xtensa-esp-elf/esp-13.2.0_20230928/xtensa-esp-elf/lib/gcc/xtensa-esp-elf/13.2.0/esp32s3/crtn.o]
  collapse library dir [/usr/lib/sdk/esp-idf/tools/tools/xtensa-esp-elf/esp-13.2.0_20230928/xtensa-esp-elf/bin/../lib/gcc/xtensa-esp-elf/13.2.0/esp32s3] ==> [/usr/lib/sdk/esp-idf/tools/tools/xtensa-esp-elf/esp-13.2.0_20230928/xtensa-esp-elf/lib/gcc/xtensa-esp-elf/13.2.0/esp32s3]
  collapse library dir [/usr/lib/sdk/esp-idf/tools/tools/xtensa-esp-elf/esp-13.2.0_20230928/xtensa-esp-elf/bin/../lib/gcc/xtensa-esp-elf/13.2.0/../../../../xtensa-esp-elf/lib/esp32s3] ==> [/usr/lib/sdk/esp-idf/tools/tools/xtensa-esp-elf/esp-13.2.0_20230928/xtensa-esp-elf/xtensa-esp-elf/lib/esp32s3]
  collapse library dir [/usr/lib/sdk/esp-idf/tools/tools/xtensa-esp-elf/esp-13.2.0_20230928/xtensa-esp-elf/bin/../lib/gcc/xtensa-esp-elf/13.2.0] ==> [/usr/lib/sdk/esp-idf/tools/tools/xtensa-esp-elf/esp-13.2.0_20230928/xtensa-esp-elf/lib/gcc/xtensa-esp-elf/13.2.0]
  collapse library dir [/usr/lib/sdk/esp-idf/tools/tools/xtensa-esp-elf/esp-13.2.0_20230928/xtensa-esp-elf/bin/../lib/gcc] ==> [/usr/lib/sdk/esp-idf/tools/tools/xtensa-esp-elf/esp-13.2.0_20230928/xtensa-esp-elf/lib/gcc]
  collapse library dir [/usr/lib/sdk/esp-idf/tools/tools/xtensa-esp-elf/esp-13.2.0_20230928/xtensa-esp-elf/bin/../lib/gcc/xtensa-esp-elf/13.2.0/../../../../xtensa-esp-elf/lib] ==> [/usr/lib/sdk/esp-idf/tools/tools/xtensa-esp-elf/esp-13.2.0_20230928/xtensa-esp-elf/xtensa-esp-elf/lib]
  implicit libs: [gcc;c;nosys;c;gcc]
  implicit objs: [/usr/lib/sdk/esp-idf/tools/tools/xtensa-esp-elf/esp-13.2.0_20230928/xtensa-esp-elf/xtensa-esp-elf/lib/esp32s3/crt0.o;/usr/lib/sdk/esp-idf/tools/tools/xtensa-esp-elf/esp-13.2.0_20230928/xtensa-esp-elf/lib/gcc/xtensa-esp-elf/13.2.0/esp32s3/crti.o;/usr/lib/sdk/esp-idf/tools/tools/xtensa-esp-elf/esp-13.2.0_20230928/xtensa-esp-elf/lib/gcc/xtensa-esp-elf/13.2.0/esp32s3/crtbegin.o;/usr/lib/sdk/esp-idf/tools/tools/xtensa-esp-elf/esp-13.2.0_20230928/xtensa-esp-elf/lib/gcc/xtensa-esp-elf/13.2.0/esp32s3/crtend.o;/usr/lib/sdk/esp-idf/tools/tools/xtensa-esp-elf/esp-13.2.0_20230928/xtensa-esp-elf/lib/gcc/xtensa-esp-elf/13.2.0/esp32s3/crtn.o]
  implicit dirs: [/usr/lib/sdk/esp-idf/tools/tools/xtensa-esp-elf/esp-13.2.0_20230928/xtensa-esp-elf/lib/gcc/xtensa-esp-elf/13.2.0/esp32s3;/usr/lib/sdk/esp-idf/tools/tools/xtensa-esp-elf/esp-13.2.0_20230928/xtensa-esp-elf/xtensa-esp-elf/lib/esp32s3;/usr/lib/sdk/esp-idf/tools/tools/xtensa-esp-elf/esp-13.2.0_20230928/xtensa-esp-elf/lib/gcc/xtensa-esp-elf/13.2.0;/usr/lib/sdk/esp-idf/tools/tools/xtensa-esp-elf/esp-13.2.0_20230928/xtensa-esp-elf/lib/gcc;/usr/lib/sdk/esp-idf/tools/tools/xtensa-esp-elf/esp-13.2.0_20230928/xtensa-esp-elf/xtensa-esp-elf/lib]
  implicit fwks: []


Detecting CXX compiler ABI info compiled with the following output:
Change Dir: /var/home/aluno/workspace/blink/build/CMakeFiles/CMakeTmp

Run Build Command(s):/usr/lib/sdk/esp-idf/tools/tools/ninja/1.11.1/ninja cmTC_8c540 && [1/2] Building CXX object CMakeFiles/cmTC_8c540.dir/CMakeCXXCompilerABI.cpp.obj
Using built-in specs.
COLLECT_GCC=/usr/lib/sdk/esp-idf/tools/tools/xtensa-esp-elf/esp-13.2.0_20230928/xtensa-esp-elf/bin/xtensa-esp-elf-g++
Target: xtensa-esp-elf
Configured with: /builds/idf/crosstool-NG/.build/xtensa-esp-elf/src/gcc/configure --build=x86_64-build_pc-linux-gnu --host=x86_64-build_pc-linux-gnu --target=xtensa-esp-elf --prefix=/builds/idf/crosstool-NG/builds/xtensa-esp-elf --exec_prefix=/builds/idf/crosstool-NG/builds/xtensa-esp-elf --with-local-prefix=/builds/idf/crosstool-NG/builds/xtensa-esp-elf/xtensa-esp-elf --with-headers=/builds/idf/crosstool-NG/builds/xtensa-esp-elf/xtensa-esp-elf/include --with-newlib --enable-threads=no --disable-shared --with-pkgversion='crosstool-NG esp-13.2.0_20230928' --disable-__cxa_atexit --enable-cxx-flags=-ffunction-sections --disable-libgomp --disable-libmudflap --disable-libmpx --disable-libssp --disable-libquadmath --disable-libquadmath-support --disable-libstdcxx-verbose --with-gmp=/builds/idf/crosstool-NG/.build/xtensa-esp-elf/buildtools --with-mpfr=/builds/idf/crosstool-NG/.build/xtensa-esp-elf/buildtools --with-mpc=/builds/idf/crosstool-NG/.build/xtensa-esp-elf/buildtools --with-isl=/builds/idf/crosstool-NG/.build/xtensa-esp-elf/buildtools --enable-lto --enable-target-optspace --without-long-double-128 --disable-nls --enable-multiarch --enable-languages=c,c++ --disable-libstdcxx-verbose --enable-threads=posix --enable-gcov-custom-rtio --enable-libstdcxx-time=yes
Thread model: posix
Supported LTO compression algorithms: zlib
gcc version 13.2.0 (crosstool-NG esp-13.2.0_20230928) 
COLLECT_GCC_OPTIONS='-mdynconfig=xtensa_esp32s3.so' '-mlongcalls' '-v' '-o' 'CMakeFiles/cmTC_8c540.dir/CMakeCXXCompilerABI.cpp.obj' '-c' '-dumpdir' 'CMakeFiles/cmTC_8c540.dir/'
 /usr/lib/sdk/esp-idf/tools/tools/xtensa-esp-elf/esp-13.2.0_20230928/xtensa-esp-elf/bin/../libexec/gcc/xtensa-esp-elf/13.2.0/cc1plus -quiet -v -imultilib esp32s3 -iprefix /usr/lib/sdk/esp-idf/tools/tools/xtensa-esp-elf/esp-13.2.0_20230928/xtensa-esp-elf/bin/../lib/gcc/xtensa-esp-elf/13.2.0/ /usr/lib/sdk/esp-idf/tools/tools/cmake/3.24.0/share/cmake-3.24/Modules/CMakeCXXCompilerABI.cpp -quiet -dumpdir CMakeFiles/cmTC_8c540.dir/ -dumpbase CMakeCXXCompilerABI.cpp.cpp -dumpbase-ext .cpp -mdynconfig=xtensa_esp32s3.so -mlongcalls -version -o /tmp/ccMCGdko.s
GNU C++17 (crosstool-NG esp-13.2.0_20230928) version 13.2.0 (xtensa-esp-elf)
	compiled by GNU C version 4.9.2, GMP version 6.2.1, MPFR version 4.1.0, MPC version 1.2.1, isl version isl-0.24-GMP

GGC heuristics: --param ggc-min-expand=100 --param ggc-min-heapsize=131072
ignoring duplicate directory "/usr/lib/sdk/esp-idf/tools/tools/xtensa-esp-elf/esp-13.2.0_20230928/xtensa-esp-elf/bin/../lib/gcc/../../lib/gcc/xtensa-esp-elf/13.2.0/../../../../xtensa-esp-elf/include/c++/13.2.0"
ignoring duplicate directory "/usr/lib/sdk/esp-idf/tools/tools/xtensa-esp-elf/esp-13.2.0_20230928/xtensa-esp-elf/bin/../lib/gcc/../../lib/gcc/xtensa-esp-elf/13.2.0/../../../../xtensa-esp-elf/include/c++/13.2.0/xtensa-esp-elf/esp32s3"
ignoring duplicate directory "/usr/lib/sdk/esp-idf/tools/tools/xtensa-esp-elf/esp-13.2.0_20230928/xtensa-esp-elf/bin/../lib/gcc/../../lib/gcc/xtensa-esp-elf/13.2.0/../../../../xtensa-esp-elf/include/c++/13.2.0/backward"
ignoring duplicate directory "/usr/lib/sdk/esp-idf/tools/tools/xtensa-esp-elf/esp-13.2.0_20230928/xtensa-esp-elf/bin/../lib/gcc/../../lib/gcc/xtensa-esp-elf/13.2.0/include"
ignoring duplicate directory "/usr/lib/sdk/esp-idf/tools/tools/xtensa-esp-elf/esp-13.2.0_20230928/xtensa-esp-elf/bin/../lib/gcc/../../lib/gcc/xtensa-esp-elf/13.2.0/include-fixed"
ignoring duplicate directory "/usr/lib/sdk/esp-idf/tools/tools/xtensa-esp-elf/esp-13.2.0_20230928/xtensa-esp-elf/bin/../lib/gcc/../../lib/gcc/xtensa-esp-elf/13.2.0/../../../../xtensa-esp-elf/sys-include"
ignoring duplicate directory "/usr/lib/sdk/esp-idf/tools/tools/xtensa-esp-elf/esp-13.2.0_20230928/xtensa-esp-elf/bin/../lib/gcc/../../lib/gcc/xtensa-esp-elf/13.2.0/../../../../xtensa-esp-elf/include"
#include "..." search starts here:
#include <...> search starts here:
 /usr/lib/sdk/esp-idf/tools/tools/xtensa-esp-elf/esp-13.2.0_20230928/xtensa-esp-elf/bin/../lib/gcc/xtensa-esp-elf/13.2.0/../../../../xtensa-esp-elf/include/c++/13.2.0
 /usr/lib/sdk/esp-idf/tools/tools/xtensa-esp-elf/esp-13.2.0_20230928/xtensa-esp-elf/bin/../lib/gcc/xtensa-esp-elf/13.2.0/../../../../xtensa-esp-elf/include/c++/13.2.0/xtensa-esp-elf/esp32s3
 /usr/lib/sdk/esp-idf/tools/tools/xtensa-esp-elf/esp-13.2.0_20230928/xtensa-esp-elf/bin/../lib/gcc/xtensa-esp-elf/13.2.0/../../../../xtensa-esp-elf/include/c++/13.2.0/backward
 /usr/lib/sdk/esp-idf/tools/tools/xtensa-esp-elf/esp-13.2.0_20230928/xtensa-esp-elf/bin/../lib/gcc/xtensa-esp-elf/13.2.0/include
 /usr/lib/sdk/esp-idf/tools/tools/xtensa-esp-elf/esp-13.2.0_20230928/xtensa-esp-elf/bin/../lib/gcc/xtensa-esp-elf/13.2.0/include-fixed
 /usr/lib/sdk/esp-idf/tools/tools/xtensa-esp-elf/esp-13.2.0_20230928/xtensa-esp-elf/bin/../lib/gcc/xtensa-esp-elf/13.2.0/../../../../xtensa-esp-elf/sys-include
 /usr/lib/sdk/esp-idf/tools/tools/xtensa-esp-elf/esp-13.2.0_20230928/xtensa-esp-elf/bin/../lib/gcc/xtensa-esp-elf/13.2.0/../../../../xtensa-esp-elf/include
End of search list.
Compiler executable checksum: a028436f3bbddb46fb1c3c82b1060db5
COLLECT_GCC_OPTIONS='-mdynconfig=xtensa_esp32s3.so' '-mlongcalls' '-v' '-o' 'CMakeFiles/cmTC_8c540.dir/CMakeCXXCompilerABI.cpp.obj' '-c' '-dumpdir' 'CMakeFiles/cmTC_8c540.dir/'
 /usr/lib/sdk/esp-idf/tools/tools/xtensa-esp-elf/esp-13.2.0_20230928/xtensa-esp-elf/bin/../lib/gcc/xtensa-esp-elf/13.2.0/../../../../xtensa-esp-elf/bin/as --traditional-format --longcalls --dynconfig=xtensa_esp32s3.so -o CMakeFiles/cmTC_8c540.dir/CMakeCXXCompilerABI.cpp.obj /tmp/ccMCGdko.s
COMPILER_PATH=/usr/lib/sdk/esp-idf/tools/tools/xtensa-esp-elf/esp-13.2.0_20230928/xtensa-esp-elf/bin/../libexec/gcc/xtensa-esp-elf/13.2.0/:/usr/lib/sdk/esp-idf/tools/tools/xtensa-esp-elf/esp-13.2.0_20230928/xtensa-esp-elf/bin/../libexec/gcc/:/usr/lib/sdk/esp-idf/tools/tools/xtensa-esp-elf/esp-13.2.0_20230928/xtensa-esp-elf/bin/../lib/gcc/xtensa-esp-elf/13.2.0/../../../../xtensa-esp-elf/bin/
LIBRARY_PATH=/usr/lib/sdk/esp-idf/tools/tools/xtensa-esp-elf/esp-13.2.0_20230928/xtensa-esp-elf/bin/../lib/gcc/xtensa-esp-elf/13.2.0/esp32s3/:/usr/lib/sdk/esp-idf/tools/tools/xtensa-esp-elf/esp-13.2.0_20230928/xtensa-esp-elf/bin/../lib/gcc/xtensa-esp-elf/13.2.0/../../../../xtensa-esp-elf/lib/esp32s3/:/usr/lib/sdk/esp-idf/tools/tools/xtensa-esp-elf/esp-13.2.0_20230928/xtensa-esp-elf/bin/../lib/gcc/xtensa-esp-elf/13.2.0/:/usr/lib/sdk/esp-idf/tools/tools/xtensa-esp-elf/esp-13.2.0_20230928/xtensa-esp-elf/bin/../lib/gcc/:/usr/lib/sdk/esp-idf/tools/tools/xtensa-esp-elf/esp-13.2.0_20230928/xtensa-esp-elf/bin/../lib/gcc/xtensa-esp-elf/13.2.0/../../../../xtensa-esp-elf/lib/
COLLECT_GCC_OPTIONS='-mdynconfig=xtensa_esp32s3.so' '-mlongcalls' '-v' '-o' 'CMakeFiles/cmTC_8c540.dir/CMakeCXXCompilerABI.cpp.obj' '-c' '-dumpdir' 'CMakeFiles/cmTC_8c540.dir/CMakeCXXCompilerABI.cpp.'
[2/2] Linking CXX executable cmTC_8c540
Using built-in specs.
COLLECT_GCC=/usr/lib/sdk/esp-idf/tools/tools/xtensa-esp-elf/esp-13.2.0_20230928/xtensa-esp-elf/bin/xtensa-esp-elf-g++
COLLECT_LTO_WRAPPER=/usr/lib/sdk/esp-idf/tools/tools/xtensa-esp-elf/esp-13.2.0_20230928/xtensa-esp-elf/bin/../libexec/gcc/xtensa-esp-elf/13.2.0/lto-wrapper
Target: xtensa-esp-elf
Configured with: /builds/idf/crosstool-NG/.build/xtensa-esp-elf/src/gcc/configure --build=x86_64-build_pc-linux-gnu --host=x86_64-build_pc-linux-gnu --target=xtensa-esp-elf --prefix=/builds/idf/crosstool-NG/builds/xtensa-esp-elf --exec_prefix=/builds/idf/crosstool-NG/builds/xtensa-esp-elf --with-local-prefix=/builds/idf/crosstool-NG/builds/xtensa-esp-elf/xtensa-esp-elf --with-headers=/builds/idf/crosstool-NG/builds/xtensa-esp-elf/xtensa-esp-elf/include --with-newlib --enable-threads=no --disable-shared --with-pkgversion='crosstool-NG esp-13.2.0_20230928' --disable-__cxa_atexit --enable-cxx-flags=-ffunction-sections --disable-libgomp --disable-libmudflap --disable-libmpx --disable-libssp --disable-libquadmath --disable-libquadmath-support --disable-libstdcxx-verbose --with-gmp=/builds/idf/crosstool-NG/.build/xtensa-esp-elf/buildtools --with-mpfr=/builds/idf/crosstool-NG/.build/xtensa-esp-elf/buildtools --with-mpc=/builds/idf/crosstool-NG/.build/xtensa-esp-elf/buildtools --with-isl=/builds/idf/crosstool-NG/.build/xtensa-esp-elf/buildtools --enable-lto --enable-target-optspace --without-long-double-128 --disable-nls --enable-multiarch --enable-languages=c,c++ --disable-libstdcxx-verbose --enable-threads=posix --enable-gcov-custom-rtio --enable-libstdcxx-time=yes
Thread model: posix
Supported LTO compression algorithms: zlib
gcc version 13.2.0 (crosstool-NG esp-13.2.0_20230928) 
COMPILER_PATH=/usr/lib/sdk/esp-idf/tools/tools/xtensa-esp-elf/esp-13.2.0_20230928/xtensa-esp-elf/bin/../libexec/gcc/xtensa-esp-elf/13.2.0/:/usr/lib/sdk/esp-idf/tools/tools/xtensa-esp-elf/esp-13.2.0_20230928/xtensa-esp-elf/bin/../libexec/gcc/:/usr/lib/sdk/esp-idf/tools/tools/xtensa-esp-elf/esp-13.2.0_20230928/xtensa-esp-elf/bin/../lib/gcc/xtensa-esp-elf/13.2.0/../../../../xtensa-esp-elf/bin/
LIBRARY_PATH=/usr/lib/sdk/esp-idf/tools/tools/xtensa-esp-elf/esp-13.2.0_20230928/xtensa-esp-elf/bin/../lib/gcc/xtensa-esp-elf/13.2.0/esp32s3/:/usr/lib/sdk/esp-idf/tools/tools/xtensa-esp-elf/esp-13.2.0_20230928/xtensa-esp-elf/bin/../lib/gcc/xtensa-esp-elf/13.2.0/../../../../xtensa-esp-elf/lib/esp32s3/:/usr/lib/sdk/esp-idf/tools/tools/xtensa-esp-elf/esp-13.2.0_20230928/xtensa-esp-elf/bin/../lib/gcc/xtensa-esp-elf/13.2.0/:/usr/lib/sdk/esp-idf/tools/tools/xtensa-esp-elf/esp-13.2.0_20230928/xtensa-esp-elf/bin/../lib/gcc/:/usr/lib/sdk/esp-idf/tools/tools/xtensa-esp-elf/esp-13.2.0_20230928/xtensa-esp-elf/bin/../lib/gcc/xtensa-esp-elf/13.2.0/../../../../xtensa-esp-elf/lib/
COLLECT_GCC_OPTIONS='-mdynconfig=xtensa_esp32s3.so' '-mlongcalls' '-v' '-o' 'cmTC_8c540' '-dumpdir' 'cmTC_8c540.'
 /usr/lib/sdk/esp-idf/tools/tools/xtensa-esp-elf/esp-13.2.0_20230928/xtensa-esp-elf/bin/../libexec/gcc/xtensa-esp-elf/13.2.0/collect2 -plugin /usr/lib/sdk/esp-idf/tools/tools/xtensa-esp-elf/esp-13.2.0_20230928/xtensa-esp-elf/bin/../libexec/gcc/xtensa-esp-elf/13.2.0/liblto_plugin.so -plugin-opt=/usr/lib/sdk/esp-idf/tools/tools/xtensa-esp-elf/esp-13.2.0_20230928/xtensa-esp-elf/bin/../libexec/gcc/xtensa-esp-elf/13.2.0/lto-wrapper -plugin-opt=-fresolution=/tmp/ccesnvd3.res -plugin-opt=-pass-through=-lgcc -plugin-opt=-pass-through=-lc -plugin-opt=-pass-through=-lnosys -plugin-opt=-pass-through=-lc -plugin-opt=-pass-through=-lgcc --dynconfig=xtensa_esp32s3.so -o cmTC_8c540 /usr/lib/sdk/esp-idf/tools/tools/xtensa-esp-elf/esp-13.2.0_20230928/xtensa-esp-elf/bin/../lib/gcc/xtensa-esp-elf/13.2.0/../../../../xtensa-esp-elf/lib/esp32s3/crt0.o /usr/lib/sdk/esp-idf/tools/tools/xtensa-esp-elf/esp-13.2.0_20230928/xtensa-esp-elf/bin/../lib/gcc/xtensa-esp-elf/13.2.0/esp32s3/crti.o /usr/lib/sdk/esp-idf/tools/tools/xtensa-esp-elf/esp-13.2.0_20230928/xtensa-esp-elf/bin/../lib/gcc/xtensa-esp-elf/13.2.0/esp32s3/crtbegin.o -L/usr/lib/sdk/esp-idf/tools/tools/xtensa-esp-elf/esp-13.2.0_20230928/xtensa-esp-elf/bin/../lib/gcc/xtensa-esp-elf/13.2.0/esp32s3 -L/usr/lib/sdk/esp-idf/tools/tools/xtensa-esp-elf/esp-13.2.0_20230928/xtensa-esp-elf/bin/../lib/gcc/xtensa-esp-elf/13.2.0/../../../../xtensa-esp-elf/lib/esp32s3 -L/usr/lib/sdk/esp-idf/tools/tools/xtensa-esp-elf/esp-13.2.0_20230928/xtensa-esp-elf/bin/../lib/gcc/xtensa-esp-elf/13.2.0 -L/usr/lib/sdk/esp-idf/tools/tools/xtensa-esp-elf/esp-13.2.0_20230928/xtensa-esp-elf/bin/../lib/gcc -L/usr/lib/sdk/esp-idf/tools/tools/xtensa-esp-elf/esp-13.2.0_20230928/xtensa-esp-elf/bin/../lib/gcc/xtensa-esp-elf/13.2.0/../../../../xtensa-esp-elf/lib CMakeFiles/cmTC_8c540.dir/CMakeCXXCompilerABI.cpp.obj -lstdc++ -lm -lgcc -lc -lnosys -lc -lgcc /usr/lib/sdk/esp-idf/tools/tools/xtensa-esp-elf/esp-13.2.0_20230928/xtensa-esp-elf/bin/../lib/gcc/xtensa-esp-elf/13.2.0/esp32s3/crtend.o /usr/lib/sdk/esp-idf/tools/tools/xtensa-esp-elf/esp-13.2.0_20230928/xtensa-esp-elf/bin/../lib/gcc/xtensa-esp-elf/13.2.0/esp32s3/crtn.o
COLLECT_GCC_OPTIONS='-mdynconfig=xtensa_esp32s3.so' '-mlongcalls' '-v' '-o' 'cmTC_8c540' '-dumpdir' 'cmTC_8c540.'



Parsed CXX implicit include dir info from above output: rv=done
  found start of include info
  found start of implicit include info
    add: [/usr/lib/sdk/esp-idf/tools/tools/xtensa-esp-elf/esp-13.2.0_20230928/xtensa-esp-elf/bin/../lib/gcc/xtensa-esp-elf/13.2.0/../../../../xtensa-esp-elf/include/c++/13.2.0]
    add: [/usr/lib/sdk/esp-idf/tools/tools/xtensa-esp-elf/esp-13.2.0_20230928/xtensa-esp-elf/bin/../lib/gcc/xtensa-esp-elf/13.2.0/../../../../xtensa-esp-elf/include/c++/13.2.0/xtensa-esp-elf/esp32s3]
    add: [/usr/lib/sdk/esp-idf/tools/tools/xtensa-esp-elf/esp-13.2.0_20230928/xtensa-esp-elf/bin/../lib/gcc/xtensa-esp-elf/13.2.0/../../../../xtensa-esp-elf/include/c++/13.2.0/backward]
    add: [/usr/lib/sdk/esp-idf/tools/tools/xtensa-esp-elf/esp-13.2.0_20230928/xtensa-esp-elf/bin/../lib/gcc/xtensa-esp-elf/13.2.0/include]
    add: [/usr/lib/sdk/esp-idf/tools/tools/xtensa-esp-elf/esp-13.2.0_20230928/xtensa-esp-elf/bin/../lib/gcc/xtensa-esp-elf/13.2.0/include-fixed]
    add: [/usr/lib/sdk/esp-idf/tools/tools/xtensa-esp-elf/esp-13.2.0_20230928/xtensa-esp-elf/bin/../lib/gcc/xtensa-esp-elf/13.2.0/../../../../xtensa-esp-elf/sys-include]
    add: [/usr/lib/sdk/esp-idf/tools/tools/xtensa-esp-elf/esp-13.2.0_20230928/xtensa-esp-elf/bin/../lib/gcc/xtensa-esp-elf/13.2.0/../../../../xtensa-esp-elf/include]
  end of search list found
  collapse include dir [/usr/lib/sdk/esp-idf/tools/tools/xtensa-esp-elf/esp-13.2.0_20230928/xtensa-esp-elf/bin/../lib/gcc/xtensa-esp-elf/13.2.0/../../../../xtensa-esp-elf/include/c++/13.2.0] ==> [/usr/lib/sdk/esp-idf/tools/tools/xtensa-esp-elf/esp-13.2.0_20230928/xtensa-esp-elf/xtensa-esp-elf/include/c++/13.2.0]
  collapse include dir [/usr/lib/sdk/esp-idf/tools/tools/xtensa-esp-elf/esp-13.2.0_20230928/xtensa-esp-elf/bin/../lib/gcc/xtensa-esp-elf/13.2.0/../../../../xtensa-esp-elf/include/c++/13.2.0/xtensa-esp-elf/esp32s3] ==> [/usr/lib/sdk/esp-idf/tools/tools/xtensa-esp-elf/esp-13.2.0_20230928/xtensa-esp-elf/xtensa-esp-elf/include/c++/13.2.0/xtensa-esp-elf/esp32s3]
  collapse include dir [/usr/lib/sdk/esp-idf/tools/tools/xtensa-esp-elf/esp-13.2.0_20230928/xtensa-esp-elf/bin/../lib/gcc/xtensa-esp-elf/13.2.0/../../../../xtensa-esp-elf/include/c++/13.2.0/backward] ==> [/usr/lib/sdk/esp-idf/tools/tools/xtensa-esp-elf/esp-13.2.0_20230928/xtensa-esp-elf/xtensa-esp-elf/include/c++/13.2.0/backward]
  collapse include dir [/usr/lib/sdk/esp-idf/tools/tools/xtensa-esp-elf/esp-13.2.0_20230928/xtensa-esp-elf/bin/../lib/gcc/xtensa-esp-elf/13.2.0/include] ==> [/usr/lib/sdk/esp-idf/tools/tools/xtensa-esp-elf/esp-13.2.0_20230928/xtensa-esp-elf/lib/gcc/xtensa-esp-elf/13.2.0/include]
  collapse include dir [/usr/lib/sdk/esp-idf/tools/tools/xtensa-esp-elf/esp-13.2.0_20230928/xtensa-esp-elf/bin/../lib/gcc/xtensa-esp-elf/13.2.0/include-fixed] ==> [/usr/lib/sdk/esp-idf/tools/tools/xtensa-esp-elf/esp-13.2.0_20230928/xtensa-esp-elf/lib/gcc/xtensa-esp-elf/13.2.0/include-fixed]
  collapse include dir [/usr/lib/sdk/esp-idf/tools/tools/xtensa-esp-elf/esp-13.2.0_20230928/xtensa-esp-elf/bin/../lib/gcc/xtensa-esp-elf/13.2.0/../../../../xtensa-esp-elf/sys-include] ==> [/usr/lib/sdk/esp-idf/tools/tools/xtensa-esp-elf/esp-13.2.0_20230928/xtensa-esp-elf/xtensa-esp-elf/sys-include]
  collapse include dir [/usr/lib/sdk/esp-idf/tools/tools/xtensa-esp-elf/esp-13.2.0_20230928/xtensa-esp-elf/bin/../lib/gcc/xtensa-esp-elf/13.2.0/../../../../xtensa-esp-elf/include] ==> [/usr/lib/sdk/esp-idf/tools/tools/xtensa-esp-elf/esp-13.2.0_20230928/xtensa-esp-elf/xtensa-esp-elf/include]
  implicit include dirs: [/usr/lib/sdk/esp-idf/tools/tools/xtensa-esp-elf/esp-13.2.0_20230928/xtensa-esp-elf/xtensa-esp-elf/include/c++/13.2.0;/usr/lib/sdk/esp-idf/tools/tools/xtensa-esp-elf/esp-13.2.0_20230928/xtensa-esp-elf/xtensa-esp-elf/include/c++/13.2.0/xtensa-esp-elf/esp32s3;/usr/lib/sdk/esp-idf/tools/tools/xtensa-esp-elf/esp-13.2.0_20230928/xtensa-esp-elf/xtensa-esp-elf/include/c++/13.2.0/backward;/usr/lib/sdk/esp-idf/tools/tools/xtensa-esp-elf/esp-13.2.0_20230928/xtensa-esp-elf/lib/gcc/xtensa-esp-elf/13.2.0/include;/usr/lib/sdk/esp-idf/tools/tools/xtensa-esp-elf/esp-13.2.0_20230928/xtensa-esp-elf/lib/gcc/xtensa-esp-elf/13.2.0/include-fixed;/usr/lib/sdk/esp-idf/tools/tools/xtensa-esp-elf/esp-13.2.0_20230928/xtensa-esp-elf/xtensa-esp-elf/sys-include;/usr/lib/sdk/esp-idf/tools/tools/xtensa-esp-elf/esp-13.2.0_20230928/xtensa-esp-elf/xtensa-esp-elf/include]


Parsed CXX implicit link information from above output:
  link line regex: [^( *|.*[/\])(xtensa-esp32s3-elf-ld|CMAKE_LINK_STARTFILE-NOTFOUND|([^/\]+-)?ld|collect2)[^/\]*( |$)]
  ignore line: [Change Dir: /var/home/aluno/workspace/blink/build/CMakeFiles/CMakeTmp]
  ignore line: []
  ignore line: [Run Build Command(s):/usr/lib/sdk/esp-idf/tools/tools/ninja/1.11.1/ninja cmTC_8c540 && [1/2] Building CXX object CMakeFiles/cmTC_8c540.dir/CMakeCXXCompilerABI.cpp.obj]
  ignore line: [Using built-in specs.]
  ignore line: [COLLECT_GCC=/usr/lib/sdk/esp-idf/tools/tools/xtensa-esp-elf/esp-13.2.0_20230928/xtensa-esp-elf/bin/xtensa-esp-elf-g++]
  ignore line: [Target: xtensa-esp-elf]
  ignore line: [Configured with: /builds/idf/crosstool-NG/.build/xtensa-esp-elf/src/gcc/configure --build=x86_64-build_pc-linux-gnu --host=x86_64-build_pc-linux-gnu --target=xtensa-esp-elf --prefix=/builds/idf/crosstool-NG/builds/xtensa-esp-elf --exec_prefix=/builds/idf/crosstool-NG/builds/xtensa-esp-elf --with-local-prefix=/builds/idf/crosstool-NG/builds/xtensa-esp-elf/xtensa-esp-elf --with-headers=/builds/idf/crosstool-NG/builds/xtensa-esp-elf/xtensa-esp-elf/include --with-newlib --enable-threads=no --disable-shared --with-pkgversion='crosstool-NG esp-13.2.0_20230928' --disable-__cxa_atexit --enable-cxx-flags=-ffunction-sections --disable-libgomp --disable-libmudflap --disable-libmpx --disable-libssp --disable-libquadmath --disable-libquadmath-support --disable-libstdcxx-verbose --with-gmp=/builds/idf/crosstool-NG/.build/xtensa-esp-elf/buildtools --with-mpfr=/builds/idf/crosstool-NG/.build/xtensa-esp-elf/buildtools --with-mpc=/builds/idf/crosstool-NG/.build/xtensa-esp-elf/buildtools --with-isl=/builds/idf/crosstool-NG/.build/xtensa-esp-elf/buildtools --enable-lto --enable-target-optspace --without-long-double-128 --disable-nls --enable-multiarch --enable-languages=c c++ --disable-libstdcxx-verbose --enable-threads=posix --enable-gcov-custom-rtio --enable-libstdcxx-time=yes]
  ignore line: [Thread model: posix]
  ignore line: [Supported LTO compression algorithms: zlib]
  ignore line: [gcc version 13.2.0 (crosstool-NG esp-13.2.0_20230928) ]
  ignore line: [COLLECT_GCC_OPTIONS='-mdynconfig=xtensa_esp32s3.so' '-mlongcalls' '-v' '-o' 'CMakeFiles/cmTC_8c540.dir/CMakeCXXCompilerABI.cpp.obj' '-c' '-dumpdir' 'CMakeFiles/cmTC_8c540.dir/']
  ignore line: [ /usr/lib/sdk/esp-idf/tools/tools/xtensa-esp-elf/esp-13.2.0_20230928/xtensa-esp-elf/bin/../libexec/gcc/xtensa-esp-elf/13.2.0/cc1plus -quiet -v -imultilib esp32s3 -iprefix /usr/lib/sdk/esp-idf/tools/tools/xtensa-esp-elf/esp-13.2.0_20230928/xtensa-esp-elf/bin/../lib/gcc/xtensa-esp-elf/13.2.0/ /usr/lib/sdk/esp-idf/tools/tools/cmake/3.24.0/share/cmake-3.24/Modules/CMakeCXXCompilerABI.cpp -quiet -dumpdir CMakeFiles/cmTC_8c540.dir/ -dumpbase CMakeCXXCompilerABI.cpp.cpp -dumpbase-ext .cpp -mdynconfig=xtensa_esp32s3.so -mlongcalls -version -o /tmp/ccMCGdko.s]
  ignore line: [GNU C++17 (crosstool-NG esp-13.2.0_20230928) version 13.2.0 (xtensa-esp-elf)]
  ignore line: [	compiled by GNU C version 4.9.2  GMP version 6.2.1  MPFR version 4.1.0  MPC version 1.2.1  isl version isl-0.24-GMP]
  ignore line: []
  ignore line: [GGC heuristics: --param ggc-min-expand=100 --param ggc-min-heapsize=131072]
  ignore line: [ignoring duplicate directory "/usr/lib/sdk/esp-idf/tools/tools/xtensa-esp-elf/esp-13.2.0_20230928/xtensa-esp-elf/bin/../lib/gcc/../../lib/gcc/xtensa-esp-elf/13.2.0/../../../../xtensa-esp-elf/include/c++/13.2.0"]
  ignore line: [ignoring duplicate directory "/usr/lib/sdk/esp-idf/tools/tools/xtensa-esp-elf/esp-13.2.0_20230928/xtensa-esp-elf/bin/../lib/gcc/../../lib/gcc/xtensa-esp-elf/13.2.0/../../../../xtensa-esp-elf/include/c++/13.2.0/xtensa-esp-elf/esp32s3"]
  ignore line: [ignoring duplicate directory "/usr/lib/sdk/esp-idf/tools/tools/xtensa-esp-elf/esp-13.2.0_20230928/xtensa-esp-elf/bin/../lib/gcc/../../lib/gcc/xtensa-esp-elf/13.2.0/../../../../xtensa-esp-elf/include/c++/13.2.0/backward"]
  ignore line: [ignoring duplicate directory "/usr/lib/sdk/esp-idf/tools/tools/xtensa-esp-elf/esp-13.2.0_20230928/xtensa-esp-elf/bin/../lib/gcc/../../lib/gcc/xtensa-esp-elf/13.2.0/include"]
  ignore line: [ignoring duplicate directory "/usr/lib/sdk/esp-idf/tools/tools/xtensa-esp-elf/esp-13.2.0_20230928/xtensa-esp-elf/bin/../lib/gcc/../../lib/gcc/xtensa-esp-elf/13.2.0/include-fixed"]
  ignore line: [ignoring duplicate directory "/usr/lib/sdk/esp-idf/tools/tools/xtensa-esp-elf/esp-13.2.0_20230928/xtensa-esp-elf/bin/../lib/gcc/../../lib/gcc/xtensa-esp-elf/13.2.0/../../../../xtensa-esp-elf/sys-include"]
  ignore line: [ignoring duplicate directory "/usr/lib/sdk/esp-idf/tools/tools/xtensa-esp-elf/esp-13.2.0_20230928/xtensa-esp-elf/bin/../lib/gcc/../../lib/gcc/xtensa-esp-elf/13.2.0/../../../../xtensa-esp-elf/include"]
  ignore line: [#include "..." search starts here:]
  ignore line: [#include <...> search starts here:]
  ignore line: [ /usr/lib/sdk/esp-idf/tools/tools/xtensa-esp-elf/esp-13.2.0_20230928/xtensa-esp-elf/bin/../lib/gcc/xtensa-esp-elf/13.2.0/../../../../xtensa-esp-elf/include/c++/13.2.0]
  ignore line: [ /usr/lib/sdk/esp-idf/tools/tools/xtensa-esp-elf/esp-13.2.0_20230928/xtensa-esp-elf/bin/../lib/gcc/xtensa-esp-elf/13.2.0/../../../../xtensa-esp-elf/include/c++/13.2.0/xtensa-esp-elf/esp32s3]
  ignore line: [ /usr/lib/sdk/esp-idf/tools/tools/xtensa-esp-elf/esp-13.2.0_20230928/xtensa-esp-elf/bin/../lib/gcc/xtensa-esp-elf/13.2.0/../../../../xtensa-esp-elf/include/c++/13.2.0/backward]
  ignore line: [ /usr/lib/sdk/esp-idf/tools/tools/xtensa-esp-elf/esp-13.2.0_20230928/xtensa-esp-elf/bin/../lib/gcc/xtensa-esp-elf/13.2.0/include]
  ignore line: [ /usr/lib/sdk/esp-idf/tools/tools/xtensa-esp-elf/esp-13.2.0_20230928/xtensa-esp-elf/bin/../lib/gcc/xtensa-esp-elf/13.2.0/include-fixed]
  ignore line: [ /usr/lib/sdk/esp-idf/tools/tools/xtensa-esp-elf/esp-13.2.0_20230928/xtensa-esp-elf/bin/../lib/gcc/xtensa-esp-elf/13.2.0/../../../../xtensa-esp-elf/sys-include]
  ignore line: [ /usr/lib/sdk/esp-idf/tools/tools/xtensa-esp-elf/esp-13.2.0_20230928/xtensa-esp-elf/bin/../lib/gcc/xtensa-esp-elf/13.2.0/../../../../xtensa-esp-elf/include]
  ignore line: [End of search list.]
  ignore line: [Compiler executable checksum: a028436f3bbddb46fb1c3c82b1060db5]
  ignore line: [COLLECT_GCC_OPTIONS='-mdynconfig=xtensa_esp32s3.so' '-mlongcalls' '-v' '-o' 'CMakeFiles/cmTC_8c540.dir/CMakeCXXCompilerABI.cpp.obj' '-c' '-dumpdir' 'CMakeFiles/cmTC_8c540.dir/']
  ignore line: [ /usr/lib/sdk/esp-idf/tools/tools/xtensa-esp-elf/esp-13.2.0_20230928/xtensa-esp-elf/bin/../lib/gcc/xtensa-esp-elf/13.2.0/../../../../xtensa-esp-elf/bin/as --traditional-format --longcalls --dynconfig=xtensa_esp32s3.so -o CMakeFiles/cmTC_8c540.dir/CMakeCXXCompilerABI.cpp.obj /tmp/ccMCGdko.s]
  ignore line: [COMPILER_PATH=/usr/lib/sdk/esp-idf/tools/tools/xtensa-esp-elf/esp-13.2.0_20230928/xtensa-esp-elf/bin/../libexec/gcc/xtensa-esp-elf/13.2.0/:/usr/lib/sdk/esp-idf/tools/tools/xtensa-esp-elf/esp-13.2.0_20230928/xtensa-esp-elf/bin/../libexec/gcc/:/usr/lib/sdk/esp-idf/tools/tools/xtensa-esp-elf/esp-13.2.0_20230928/xtensa-esp-elf/bin/../lib/gcc/xtensa-esp-elf/13.2.0/../../../../xtensa-esp-elf/bin/]
  ignore line: [LIBRARY_PATH=/usr/lib/sdk/esp-idf/tools/tools/xtensa-esp-elf/esp-13.2.0_20230928/xtensa-esp-elf/bin/../lib/gcc/xtensa-esp-elf/13.2.0/esp32s3/:/usr/lib/sdk/esp-idf/tools/tools/xtensa-esp-elf/esp-13.2.0_20230928/xtensa-esp-elf/bin/../lib/gcc/xtensa-esp-elf/13.2.0/../../../../xtensa-esp-elf/lib/esp32s3/:/usr/lib/sdk/esp-idf/tools/tools/xtensa-esp-elf/esp-13.2.0_20230928/xtensa-esp-elf/bin/../lib/gcc/xtensa-esp-elf/13.2.0/:/usr/lib/sdk/esp-idf/tools/tools/xtensa-esp-elf/esp-13.2.0_20230928/xtensa-esp-elf/bin/../lib/gcc/:/usr/lib/sdk/esp-idf/tools/tools/xtensa-esp-elf/esp-13.2.0_20230928/xtensa-esp-elf/bin/../lib/gcc/xtensa-esp-elf/13.2.0/../../../../xtensa-esp-elf/lib/]
  ignore line: [COLLECT_GCC_OPTIONS='-mdynconfig=xtensa_esp32s3.so' '-mlongcalls' '-v' '-o' 'CMakeFiles/cmTC_8c540.dir/CMakeCXXCompilerABI.cpp.obj' '-c' '-dumpdir' 'CMakeFiles/cmTC_8c540.dir/CMakeCXXCompilerABI.cpp.']
  ignore line: [[2/2] Linking CXX executable cmTC_8c540]
  ignore line: [Using built-in specs.]
  ignore line: [COLLECT_GCC=/usr/lib/sdk/esp-idf/tools/tools/xtensa-esp-elf/esp-13.2.0_20230928/xtensa-esp-elf/bin/xtensa-esp-elf-g++]
  ignore line: [COLLECT_LTO_WRAPPER=/usr/lib/sdk/esp-idf/tools/tools/xtensa-esp-elf/esp-13.2.0_20230928/xtensa-esp-elf/bin/../libexec/gcc/xtensa-esp-elf/13.2.0/lto-wrapper]
  ignore line: [Target: xtensa-esp-elf]
  ignore line: [Configured with: /builds/idf/crosstool-NG/.build/xtensa-esp-elf/src/gcc/configure --build=x86_64-build_pc-linux-gnu --host=x86_64-build_pc-linux-gnu --target=xtensa-esp-elf --prefix=/builds/idf/crosstool-NG/builds/xtensa-esp-elf --exec_prefix=/builds/idf/crosstool-NG/builds/xtensa-esp-elf --with-local-prefix=/builds/idf/crosstool-NG/builds/xtensa-esp-elf/xtensa-esp-elf --with-headers=/builds/idf/crosstool-NG/builds/xtensa-esp-elf/xtensa-esp-elf/include --with-newlib --enable-threads=no --disable-shared --with-pkgversion='crosstool-NG esp-13.2.0_20230928' --disable-__cxa_atexit --enable-cxx-flags=-ffunction-sections --disable-libgomp --disable-libmudflap --disable-libmpx --disable-libssp --disable-libquadmath --disable-libquadmath-support --disable-libstdcxx-verbose --with-gmp=/builds/idf/crosstool-NG/.build/xtensa-esp-elf/buildtools --with-mpfr=/builds/idf/crosstool-NG/.build/xtensa-esp-elf/buildtools --with-mpc=/builds/idf/crosstool-NG/.build/xtensa-esp-elf/buildtools --with-isl=/builds/idf/crosstool-NG/.build/xtensa-esp-elf/buildtools --enable-lto --enable-target-optspace --without-long-double-128 --disable-nls --enable-multiarch --enable-languages=c c++ --disable-libstdcxx-verbose --enable-threads=posix --enable-gcov-custom-rtio --enable-libstdcxx-time=yes]
  ignore line: [Thread model: posix]
  ignore line: [Supported LTO compression algorithms: zlib]
  ignore line: [gcc version 13.2.0 (crosstool-NG esp-13.2.0_20230928) ]
  ignore line: [COMPILER_PATH=/usr/lib/sdk/esp-idf/tools/tools/xtensa-esp-elf/esp-13.2.0_20230928/xtensa-esp-elf/bin/../libexec/gcc/xtensa-esp-elf/13.2.0/:/usr/lib/sdk/esp-idf/tools/tools/xtensa-esp-elf/esp-13.2.0_20230928/xtensa-esp-elf/bin/../libexec/gcc/:/usr/lib/sdk/esp-idf/tools/tools/xtensa-esp-elf/esp-13.2.0_20230928/xtensa-esp-elf/bin/../lib/gcc/xtensa-esp-elf/13.2.0/../../../../xtensa-esp-elf/bin/]
  ignore line: [LIBRARY_PATH=/usr/lib/sdk/esp-idf/tools/tools/xtensa-esp-elf/esp-13.2.0_20230928/xtensa-esp-elf/bin/../lib/gcc/xtensa-esp-elf/13.2.0/esp32s3/:/usr/lib/sdk/esp-idf/tools/tools/xtensa-esp-elf/esp-13.2.0_20230928/xtensa-esp-elf/bin/../lib/gcc/xtensa-esp-elf/13.2.0/../../../../xtensa-esp-elf/lib/esp32s3/:/usr/lib/sdk/esp-idf/tools/tools/xtensa-esp-elf/esp-13.2.0_20230928/xtensa-esp-elf/bin/../lib/gcc/xtensa-esp-elf/13.2.0/:/usr/lib/sdk/esp-idf/tools/tools/xtensa-esp-elf/esp-13.2.0_20230928/xtensa-esp-elf/bin/../lib/gcc/:/usr/lib/sdk/esp-idf/tools/tools/xtensa-esp-elf/esp-13.2.0_20230928/xtensa-esp-elf/bin/../lib/gcc/xtensa-esp-elf/13.2.0/../../../../xtensa-esp-elf/lib/]
  ignore line: [COLLECT_GCC_OPTIONS='-mdynconfig=xtensa_esp32s3.so' '-mlongcalls' '-v' '-o' 'cmTC_8c540' '-dumpdir' 'cmTC_8c540.']
  link line: [ /usr/lib/sdk/esp-idf/tools/tools/xtensa-esp-elf/esp-13.2.0_20230928/xtensa-esp-elf/bin/../libexec/gcc/xtensa-esp-elf/13.2.0/collect2 -plugin /usr/lib/sdk/esp-idf/tools/tools/xtensa-esp-elf/esp-13.2.0_20230928/xtensa-esp-elf/bin/../libexec/gcc/xtensa-esp-elf/13.2.0/liblto_plugin.so -plugin-opt=/usr/lib/sdk/esp-idf/tools/tools/xtensa-esp-elf/esp-13.2.0_20230928/xtensa-esp-elf/bin/../libexec/gcc/xtensa-esp-elf/13.2.0/lto-wrapper -plugin-opt=-fresolution=/tmp/ccesnvd3.res -plugin-opt=-pass-through=-lgcc -plugin-opt=-pass-through=-lc -plugin-opt=-pass-through=-lnosys -plugin-opt=-pass-through=-lc -plugin-opt=-pass-through=-lgcc --dynconfig=xtensa_esp32s3.so -o cmTC_8c540 /usr/lib/sdk/esp-idf/tools/tools/xtensa-esp-elf/esp-13.2.0_20230928/xtensa-esp-elf/bin/../lib/gcc/xtensa-esp-elf/13.2.0/../../../../xtensa-esp-elf/lib/esp32s3/crt0.o /usr/lib/sdk/esp-idf/tools/tools/xtensa-esp-elf/esp-13.2.0_20230928/xtensa-esp-elf/bin/../lib/gcc/xtensa-esp-elf/13.2.0/esp32s3/crti.o /usr/lib/sdk/esp-idf/tools/tools/xtensa-esp-elf/esp-13.2.0_20230928/xtensa-esp-elf/bin/../lib/gcc/xtensa-esp-elf/13.2.0/esp32s3/crtbegin.o -L/usr/lib/sdk/esp-idf/tools/tools/xtensa-esp-elf/esp-13.2.0_20230928/xtensa-esp-elf/bin/../lib/gcc/xtensa-esp-elf/13.2.0/esp32s3 -L/usr/lib/sdk/esp-idf/tools/tools/xtensa-esp-elf/esp-13.2.0_20230928/xtensa-esp-elf/bin/../lib/gcc/xtensa-esp-elf/13.2.0/../../../../xtensa-esp-elf/lib/esp32s3 -L/usr/lib/sdk/esp-idf/tools/tools/xtensa-esp-elf/esp-13.2.0_20230928/xtensa-esp-elf/bin/../lib/gcc/xtensa-esp-elf/13.2.0 -L/usr/lib/sdk/esp-idf/tools/tools/xtensa-esp-elf/esp-13.2.0_20230928/xtensa-esp-elf/bin/../lib/gcc -L/usr/lib/sdk/esp-idf/tools/tools/xtensa-esp-elf/esp-13.2.0_20230928/xtensa-esp-elf/bin/../lib/gcc/xtensa-esp-elf/13.2.0/../../../../xtensa-esp-elf/lib CMakeFiles/cmTC_8c540.dir/CMakeCXXCompilerABI.cpp.obj -lstdc++ -lm -lgcc -lc -lnosys -lc -lgcc /usr/lib/sdk/esp-idf/tools/tools/xtensa-esp-elf/esp-13.2.0_20230928/xtensa-esp-elf/bin/../lib/gcc/xtensa-esp-elf/13.2.0/esp32s3/crtend.o /usr/lib/sdk/esp-idf/tools/tools/xtensa-esp-elf/esp-13.2.0_20230928/xtensa-esp-elf/bin/../lib/gcc/xtensa-esp-elf/13.2.0/esp32s3/crtn.o]
    arg [/usr/lib/sdk/esp-idf/tools/tools/xtensa-esp-elf/esp-13.2.0_20230928/xtensa-esp-elf/bin/../libexec/gcc/xtensa-esp-elf/13.2.0/collect2] ==> ignore
    arg [-plugin] ==> ignore
    arg [/usr/lib/sdk/esp-idf/tools/tools/xtensa-esp-elf/esp-13.2.0_20230928/xtensa-esp-elf/bin/../libexec/gcc/xtensa-esp-elf/13.2.0/liblto_plugin.so] ==> ignore
    arg [-plugin-opt=/usr/lib/sdk/esp-idf/tools/tools/xtensa-esp-elf/esp-13.2.0_20230928/xtensa-esp-elf/bin/../libexec/gcc/xtensa-esp-elf/13.2.0/lto-wrapper] ==> ignore
    arg [-plugin-opt=-fresolution=/tmp/ccesnvd3.res] ==> ignore
    arg [-plugin-opt=-pass-through=-lgcc] ==> ignore
    arg [-plugin-opt=-pass-through=-lc] ==> ignore
    arg [-plugin-opt=-pass-through=-lnosys] ==> ignore
    arg [-plugin-opt=-pass-through=-lc] ==> ignore
    arg [-plugin-opt=-pass-through=-lgcc] ==> ignore
    arg [--dynconfig=xtensa_esp32s3.so] ==> ignore
    arg [-o] ==> ignore
    arg [cmTC_8c540] ==> ignore
    arg [/usr/lib/sdk/esp-idf/tools/tools/xtensa-esp-elf/esp-13.2.0_20230928/xtensa-esp-elf/bin/../lib/gcc/xtensa-esp-elf/13.2.0/../../../../xtensa-esp-elf/lib/esp32s3/crt0.o] ==> obj [/usr/lib/sdk/esp-idf/tools/tools/xtensa-esp-elf/esp-13.2.0_20230928/xtensa-esp-elf/bin/../lib/gcc/xtensa-esp-elf/13.2.0/../../../../xtensa-esp-elf/lib/esp32s3/crt0.o]
    arg [/usr/lib/sdk/esp-idf/tools/tools/xtensa-esp-elf/esp-13.2.0_20230928/xtensa-esp-elf/bin/../lib/gcc/xtensa-esp-elf/13.2.0/esp32s3/crti.o] ==> obj [/usr/lib/sdk/esp-idf/tools/tools/xtensa-esp-elf/esp-13.2.0_20230928/xtensa-esp-elf/bin/../lib/gcc/xtensa-esp-elf/13.2.0/esp32s3/crti.o]
    arg [/usr/lib/sdk/esp-idf/tools/tools/xtensa-esp-elf/esp-13.2.0_20230928/xtensa-esp-elf/bin/../lib/gcc/xtensa-esp-elf/13.2.0/esp32s3/crtbegin.o] ==> obj [/usr/lib/sdk/esp-idf/tools/tools/xtensa-esp-elf/esp-13.2.0_20230928/xtensa-esp-elf/bin/../lib/gcc/xtensa-esp-elf/13.2.0/esp32s3/crtbegin.o]
    arg [-L/usr/lib/sdk/esp-idf/tools/tools/xtensa-esp-elf/esp-13.2.0_20230928/xtensa-esp-elf/bin/../lib/gcc/xtensa-esp-elf/13.2.0/esp32s3] ==> dir [/usr/lib/sdk/esp-idf/tools/tools/xtensa-esp-elf/esp-13.2.0_20230928/xtensa-esp-elf/bin/../lib/gcc/xtensa-esp-elf/13.2.0/esp32s3]
    arg [-L/usr/lib/sdk/esp-idf/tools/tools/xtensa-esp-elf/esp-13.2.0_20230928/xtensa-esp-elf/bin/../lib/gcc/xtensa-esp-elf/13.2.0/../../../../xtensa-esp-elf/lib/esp32s3] ==> dir [/usr/lib/sdk/esp-idf/tools/tools/xtensa-esp-elf/esp-13.2.0_20230928/xtensa-esp-elf/bin/../lib/gcc/xtensa-esp-elf/13.2.0/../../../../xtensa-esp-elf/lib/esp32s3]
    arg [-L/usr/lib/sdk/esp-idf/tools/tools/xtensa-esp-elf/esp-13.2.0_20230928/xtensa-esp-elf/bin/../lib/gcc/xtensa-esp-elf/13.2.0] ==> dir [/usr/lib/sdk/esp-idf/tools/tools/xtensa-esp-elf/esp-13.2.0_20230928/xtensa-esp-elf/bin/../lib/gcc/xtensa-esp-elf/13.2.0]
    arg [-L/usr/lib/sdk/esp-idf/tools/tools/xtensa-esp-elf/esp-13.2.0_20230928/xtensa-esp-elf/bin/../lib/gcc] ==> dir [/usr/lib/sdk/esp-idf/tools/tools/xtensa-esp-elf/esp-13.2.0_20230928/xtensa-esp-elf/bin/../lib/gcc]
    arg [-L/usr/lib/sdk/esp-idf/tools/tools/xtensa-esp-elf/esp-13.2.0_20230928/xtensa-esp-elf/bin/../lib/gcc/xtensa-esp-elf/13.2.0/../../../../xtensa-esp-elf/lib] ==> dir [/usr/lib/sdk/esp-idf/tools/tools/xtensa-esp-elf/esp-13.2.0_20230928/xtensa-esp-elf/bin/../lib/gcc/xtensa-esp-elf/13.2.0/../../../../xtensa-esp-elf/lib]
    arg [CMakeFiles/cmTC_8c540.dir/CMakeCXXCompilerABI.cpp.obj] ==> ignore
    arg [-lstdc++] ==> lib [stdc++]
    arg [-lm] ==> lib [m]
    arg [-lgcc] ==> lib [gcc]
    arg [-lc] ==> lib [c]
    arg [-lnosys] ==> lib [nosys]
    arg [-lc] ==> lib [c]
    arg [-lgcc] ==> lib [gcc]
    arg [/usr/lib/sdk/esp-idf/tools/tools/xtensa-esp-elf/esp-13.2.0_20230928/xtensa-esp-elf/bin/../lib/gcc/xtensa-esp-elf/13.2.0/esp32s3/crtend.o] ==> obj [/usr/lib/sdk/esp-idf/tools/tools/xtensa-esp-elf/esp-13.2.0_20230928/xtensa-esp-elf/bin/../lib/gcc/xtensa-esp-elf/13.2.0/esp32s3/crtend.o]
    arg [/usr/lib/sdk/esp-idf/tools/tools/xtensa-esp-elf/esp-13.2.0_20230928/xtensa-esp-elf/bin/../lib/gcc/xtensa-esp-elf/13.2.0/esp32s3/crtn.o] ==> obj [/usr/lib/sdk/esp-idf/tools/tools/xtensa-esp-elf/esp-13.2.0_20230928/xtensa-esp-elf/bin/../lib/gcc/xtensa-esp-elf/13.2.0/esp32s3/crtn.o]
  collapse obj [/usr/lib/sdk/esp-idf/tools/tools/xtensa-esp-elf/esp-13.2.0_20230928/xtensa-esp-elf/bin/../lib/gcc/xtensa-esp-elf/13.2.0/../../../../xtensa-esp-elf/lib/esp32s3/crt0.o] ==> [/usr/lib/sdk/esp-idf/tools/tools/xtensa-esp-elf/esp-13.2.0_20230928/xtensa-esp-elf/xtensa-esp-elf/lib/esp32s3/crt0.o]
  collapse obj [/usr/lib/sdk/esp-idf/tools/tools/xtensa-esp-elf/esp-13.2.0_20230928/xtensa-esp-elf/bin/../lib/gcc/xtensa-esp-elf/13.2.0/esp32s3/crti.o] ==> [/usr/lib/sdk/esp-idf/tools/tools/xtensa-esp-elf/esp-13.2.0_20230928/xtensa-esp-elf/lib/gcc/xtensa-esp-elf/13.2.0/esp32s3/crti.o]
  collapse obj [/usr/lib/sdk/esp-idf/tools/tools/xtensa-esp-elf/esp-13.2.0_20230928/xtensa-esp-elf/bin/../lib/gcc/xtensa-esp-elf/13.2.0/esp32s3/crtbegin.o] ==> [/usr/lib/sdk/esp-idf/tools/tools/xtensa-esp-elf/esp-13.2.0_20230928/xtensa-esp-elf/lib/gcc/xtensa-esp-elf/13.2.0/esp32s3/crtbegin.o]
  collapse obj [/usr/lib/sdk/esp-idf/tools/tools/xtensa-esp-elf/esp-13.2.0_20230928/xtensa-esp-elf/bin/../lib/gcc/xtensa-esp-elf/13.2.0/esp32s3/crtend.o] ==> [/usr/lib/sdk/esp-idf/tools/tools/xtensa-esp-elf/esp-13.2.0_20230928/xtensa-esp-elf/lib/gcc/xtensa-esp-elf/13.2.0/esp32s3/crtend.o]
  collapse obj [/usr/lib/sdk/esp-idf/tools/tools/xtensa-esp-elf/esp-13.2.0_20230928/xtensa-esp-elf/bin/../lib/gcc/xtensa-esp-elf/13.2.0/esp32s3/crtn.o] ==> [/usr/lib/sdk/esp-idf/tools/tools/xtensa-esp-elf/esp-13.2.0_20230928/xtensa-esp-elf/lib/gcc/xtensa-esp-elf/13.2.0/esp32s3/crtn.o]
  collapse library dir [/usr/lib/sdk/esp-idf/tools/tools/xtensa-esp-elf/esp-13.2.0_20230928/xtensa-esp-elf/bin/../lib/gcc/xtensa-esp-elf/13.2.0/esp32s3] ==> [/usr/lib/sdk/esp-idf/tools/tools/xtensa-esp-elf/esp-13.2.0_20230928/xtensa-esp-elf/lib/gcc/xtensa-esp-elf/13.2.0/esp32s3]
  collapse library dir [/usr/lib/sdk/esp-idf/tools/tools/xtensa-esp-elf/esp-13.2.0_20230928/xtensa-esp-elf/bin/../lib/gcc/xtensa-esp-elf/13.2.0/../../../../xtensa-esp-elf/lib/esp32s3] ==> [/usr/lib/sdk/esp-idf/tools/tools/xtensa-esp-elf/esp-13.2.0_20230928/xtensa-esp-elf/xtensa-esp-elf/lib/esp32s3]
  collapse library dir [/usr/lib/sdk/esp-idf/tools/tools/xtensa-esp-elf/esp-13.2.0_20230928/xtensa-esp-elf/bin/../lib/gcc/xtensa-esp-elf/13.2.0] ==> [/usr/lib/sdk/esp-idf/tools/tools/xtensa-esp-elf/esp-13.2.0_20230928/xtensa-esp-elf/lib/gcc/xtensa-esp-elf/13.2.0]
  collapse library dir [/usr/lib/sdk/esp-idf/tools/tools/xtensa-esp-elf/esp-13.2.0_20230928/xtensa-esp-elf/bin/../lib/gcc] ==> [/usr/lib/sdk/esp-idf/tools/tools/xtensa-esp-elf/esp-13.2.0_20230928/xtensa-esp-elf/lib/gcc]
  collapse library dir [/usr/lib/sdk/esp-idf/tools/tools/xtensa-esp-elf/esp-13.2.0_20230928/xtensa-esp-elf/bin/../lib/gcc/xtensa-esp-elf/13.2.0/../../../../xtensa-esp-elf/lib] ==> [/usr/lib/sdk/esp-idf/tools/tools/xtensa-esp-elf/esp-13.2.0_20230928/xtensa-esp-elf/xtensa-esp-elf/lib]
  implicit libs: [stdc++;m;gcc;c;nosys;c;gcc]
  implicit objs: [/usr/lib/sdk/esp-idf/tools/tools/xtensa-esp-elf/esp-13.2.0_20230928/xtensa-esp-elf/xtensa-esp-elf/lib/esp32s3/crt0.o;/usr/lib/sdk/esp-idf/tools/tools/xtensa-esp-elf/esp-13.2.0_20230928/xtensa-esp-elf/lib/gcc/xtensa-esp-elf/13.2.0/esp32s3/crti.o;/usr/lib/sdk/esp-idf/tools/tools/xtensa-esp-elf/esp-13.2.0_20230928/xtensa-esp-elf/lib/gcc/xtensa-esp-elf/13.2.0/esp32s3/crtbegin.o;/usr/lib/sdk/esp-idf/tools/tools/xtensa-esp-elf/esp-13.2.0_20230928/xtensa-esp-elf/lib/gcc/xtensa-esp-elf/13.2.0/esp32s3/crtend.o;/usr/lib/sdk/esp-idf/tools/tools/xtensa-esp-elf/esp-13.2.0_20230928/xtensa-esp-elf/lib/gcc/xtensa-esp-elf/13.2.0/esp32s3/crtn.o]
  implicit dirs: [/usr/lib/sdk/esp-idf/tools/tools/xtensa-esp-elf/esp-13.2.0_20230928/xtensa-esp-elf/lib/gcc/xtensa-esp-elf/13.2.0/esp32s3;/usr/lib/sdk/esp-idf/tools/tools/xtensa-esp-elf/esp-13.2.0_20230928/xtensa-esp-elf/xtensa-esp-elf/lib/esp32s3;/usr/lib/sdk/esp-idf/tools/tools/xtensa-esp-elf/esp-13.2.0_20230928/xtensa-esp-elf/lib/gcc/xtensa-esp-elf/13.2.0;/usr/lib/sdk/esp-idf/tools/tools/xtensa-esp-elf/esp-13.2.0_20230928/xtensa-esp-elf/lib/gcc;/usr/lib/sdk/esp-idf/tools/tools/xtensa-esp-elf/esp-13.2.0_20230928/xtensa-esp-elf/xtensa-esp-elf/lib]
  implicit fwks: []


Determining if the include file sys/types.h exists passed with the following output:
Change Dir: /var/home/aluno/workspace/blink/build/CMakeFiles/CMakeTmp

Run Build Command(s):/usr/lib/sdk/esp-idf/tools/tools/ninja/1.11.1/ninja cmTC_6d023 && [1/2] Building C object CMakeFiles/cmTC_6d023.dir/CheckIncludeFile.c.obj
[2/2] Linking C executable cmTC_6d023



Determining if the include file stdint.h exists passed with the following output:
Change Dir: /var/home/aluno/workspace/blink/build/CMakeFiles/CMakeTmp

Run Build Command(s):/usr/lib/sdk/esp-idf/tools/tools/ninja/1.11.1/ninja cmTC_5e652 && [1/2] Building C object CMakeFiles/cmTC_5e652.dir/CheckIncludeFile.c.obj
[2/2] Linking C executable cmTC_5e652



Determining if the include file stddef.h exists passed with the following output:
Change Dir: /var/home/aluno/workspace/blink/build/CMakeFiles/CMakeTmp

Run Build Command(s):/usr/lib/sdk/esp-idf/tools/tools/ninja/1.11.1/ninja cmTC_20bd0 && [1/2] Building C object CMakeFiles/cmTC_20bd0.dir/CheckIncludeFile.c.obj
[2/2] Linking C executable cmTC_20bd0



Determining size of time_t passed with the following output:
Change Dir: /var/home/aluno/workspace/blink/build/CMakeFiles/CMakeTmp

Run Build Command(s):/usr/lib/sdk/esp-idf/tools/tools/ninja/1.11.1/ninja cmTC_a92a7 && [1/2] Building C object CMakeFiles/cmTC_a92a7.dir/TIME_T_SIZE.c.obj
[2/2] Linking C executable cmTC_a92a7



Performing C SOURCE FILE Test C_COMPILER_SUPPORTS_WFORMAT_SIGNEDNESS succeeded with the following output:
Change Dir: /var/home/aluno/workspace/blink/build/CMakeFiles/CMakeTmp

Run Build Command(s):/usr/lib/sdk/esp-idf/tools/tools/ninja/1.11.1/ninja cmTC_47b76 && [1/2] Building C object CMakeFiles/cmTC_47b76.dir/src.c.obj
[2/2] Linking C executable cmTC_47b76


Source file was:
int main(void) { return 0; }
